<?xml version="1.0" encoding="UTF-8"?>
<testsuites name="Scenario_indocyber" time="279.814" tests="6" failures="1" errors="1">
   <testsuite name="Scenario_indocyber" tests="6" failures="1" errors="1" time="279.814" skipped="0" timestamp="2021-09-29 14:04:34" hostname="rocky - MSI" id="Test Suites/Scenario_indocyber">
      <properties>
         <property name="deviceName" value=""/>
         <property name="devicePlatform" value=""/>
         <property name="logFolder" value="D:\\playground\\testing\\indocyberv2katalon\\Reports\\20210929_140414\\Scenario_indocyber\\20210929_140415"/>
         <property name="logFiles" value="D:\\playground\\testing\\indocyberv2katalon\\Reports\\20210929_140414\\Scenario_indocyber\\20210929_140415\\execution0.log"/>
         <property name="attachments" value="D:\\playground\\testing\\indocyberv2katalon\\Reports\\20210929_140414\\Scenario_indocyber\\20210929_140415\\1632899102716.png"/>
         <property name="hostName" value="rocky - MSI"/>
         <property name="os" value="Windows 10 64bit"/>
         <property name="katalonVersion" value="8.1.0.208"/>
         <property name="browser" value="Chrome 93.0.4577.82"/>
         <property name="hostAddress" value="192.168.0.113"/>
         <property name="sessionId" value="4c3b5c7a2bf3b710d2108537b89c71bf"/>
         <property name="seleniumVersion" value="3.141.59"/>
         <property name="proxyInformation" value="ProxyInformation { proxyOption=NO_PROXY, proxyServerType=HTTP, username=, password=********, proxyServerAddress=, proxyServerPort=0, executionList=&quot;&quot;, isApplyToDesiredCapabilities=true }"/>
         <property name="platform" value="Windows 10"/>
      </properties>
      <testcase name="Test Cases/Login - Logout" time="14.131" classname="Test Cases/Login - Logout" status="PASSED">
         <system-out><![CDATA[2021-09-29 14:04:34 - [TEST_CASE][PASSED] - Test Cases/Login - Logout: Test Cases/Login - Logout

2021-09-29 14:04:35 - [TEST_STEP][PASSED] - openBrowser(""): Browser is opened with url: ''

2021-09-29 14:04:35 - [MESSAGE][INFO] - Starting 'Chrome' driver

2021-09-29 14:04:35 - [MESSAGE][INFO] - Action delay is set to 0 milliseconds

2021-09-29 14:04:37 - [MESSAGE][PASSED] - Browser is opened with url: ''

2021-09-29 14:04:37 - [TEST_STEP][PASSED] - navigateToUrl("http://116.254.100.222:81/login"): Navigate to 'http://116.254.100.222:81/login' successfully

2021-09-29 14:04:39 - [MESSAGE][PASSED] - Navigate to 'http://116.254.100.222:81/login' successfully

2021-09-29 14:04:39 - [TEST_STEP][PASSED] - setText(findTestObject("loginpage/input-email"), email): Text 'rocky@gmail.com' is set on object 'Object Repository/loginpage/input-email'

2021-09-29 14:04:40 - [MESSAGE][PASSED] - Text 'rocky@gmail.com' is set on object 'Object Repository/loginpage/input-email'

2021-09-29 14:04:40 - [TEST_STEP][PASSED] - setText(findTestObject("loginpage/input_password"), password): Text 'rocky182' is set on object 'Object Repository/loginpage/input_password'

2021-09-29 14:04:40 - [MESSAGE][PASSED] - Text 'rocky182' is set on object 'Object Repository/loginpage/input_password'

2021-09-29 14:04:40 - [TEST_STEP][PASSED] - click(findTestObject("loginpage/btn-login")): Object: 'Object Repository/loginpage/btn-login' is clicked on

2021-09-29 14:04:45 - [MESSAGE][PASSED] - Object: 'Object Repository/loginpage/btn-login' is clicked on

2021-09-29 14:04:45 - [TEST_STEP][PASSED] - click(findTestObject("dashboard/btn-logout")): Object: 'Object Repository/dashboard/btn-logout' is clicked on

2021-09-29 14:04:45 - [MESSAGE][PASSED] - Object: 'Object Repository/dashboard/btn-logout' is clicked on

2021-09-29 14:04:45 - [TEST_STEP][PASSED] - closeBrowser(): Browser is closed

2021-09-29 14:04:46 - [MESSAGE][PASSED] - Browser is closed

2021-09-29 14:04:48 - [TEST_STEP][PASSED] - Video: Video recording for test case 'Test Cases/Login - Logout' .

2021-09-29 14:04:48 - [MESSAGE][INFO] - Video recording for test case 'Test Cases/Login - Logout' .]]></system-out>
         <system-err><![CDATA[]]></system-err>
      </testcase>
      <testcase name="Test Cases/order-menu" time="16.156" classname="Test Cases/order-menu" status="FAILED">
         <failure type="FAILED" message="Test Cases/order-menu FAILED.
Reason:
com.kms.katalon.core.exception.StepFailedException: Unable to click on object 'Object Repository/orderPage/form-order/input-phone'
	at com.kms.katalon.core.webui.keyword.internal.WebUIKeywordMain.stepFailed(WebUIKeywordMain.groovy:64)
	at com.kms.katalon.core.webui.keyword.internal.WebUIKeywordMain.runKeyword(WebUIKeywordMain.groovy:26)
	at com.kms.katalon.core.webui.keyword.builtin.ClickKeyword.click(ClickKeyword.groovy:75)
	at com.kms.katalon.core.webui.keyword.builtin.ClickKeyword.execute(ClickKeyword.groovy:42)
	at com.kms.katalon.core.keyword.internal.KeywordExecutor.executeKeywordForPlatform(KeywordExecutor.groovy:74)
	at com.kms.katalon.core.webui.keyword.WebUiBuiltInKeywords.click(WebUiBuiltInKeywords.groovy:620)
	at com.kms.katalon.core.webui.keyword.WebUiBuiltInKeywords$click$2.call(Unknown Source)
	at order-menu.run(order-menu:49)
	at com.kms.katalon.core.main.ScriptEngine.run(ScriptEngine.java:194)
	at com.kms.katalon.core.main.ScriptEngine.runScriptAsRawText(ScriptEngine.java:119)
	at com.kms.katalon.core.main.TestCaseExecutor.runScript(TestCaseExecutor.java:430)
	at com.kms.katalon.core.main.TestCaseExecutor.doExecute(TestCaseExecutor.java:421)
	at com.kms.katalon.core.main.TestCaseExecutor.processExecutionPhase(TestCaseExecutor.java:400)
	at com.kms.katalon.core.main.TestCaseExecutor.accessMainPhase(TestCaseExecutor.java:392)
	at com.kms.katalon.core.main.TestCaseExecutor.execute(TestCaseExecutor.java:273)
	at com.kms.katalon.core.main.TestSuiteExecutor.accessTestCaseMainPhase(TestSuiteExecutor.java:202)
	at com.kms.katalon.core.main.TestSuiteExecutor.accessTestSuiteMainPhase(TestSuiteExecutor.java:164)
	at com.kms.katalon.core.main.TestSuiteExecutor.execute(TestSuiteExecutor.java:105)
	at com.kms.katalon.core.main.TestCaseMain.startTestSuite(TestCaseMain.java:185)
	at com.kms.katalon.core.main.TestCaseMain$startTestSuite$0.call(Unknown Source)
	at TempTestSuite1632899055819.run(TempTestSuite1632899055819.groovy:36)
Caused by: org.openqa.selenium.ElementNotInteractableException: element not interactable
  (Session info: chrome=93.0.4577.82)
Build info: version: '3.141.59', revision: 'e82be7d358', time: '2018-11-14T08:25:53'
System info: host: 'MSI', ip: '192.168.0.113', os.name: 'Windows 10', os.arch: 'amd64', os.version: '10.0', java.version: '1.8.0_282'
Driver info: com.kms.katalon.selenium.driver.CChromeDriver
Capabilities {acceptInsecureCerts: false, browserName: chrome, browserVersion: 93.0.4577.82, chrome: {chromedriverVersion: 92.0.4515.43 (8c61b7e2989f2..., userDataDir: C:\Users\rocky\AppData\Loca...}, goog:chromeOptions: {debuggerAddress: localhost:55664}, javascriptEnabled: true, networkConnectionEnabled: false, pageLoadStrategy: normal, platform: WINDOWS, platformName: WINDOWS, proxy: Proxy(), setWindowRect: true, strictFileInteractability: false, timeouts: {implicit: 0, pageLoad: 300000, script: 30000}, unhandledPromptBehavior: dismiss and notify, webauthn:extension:credBlob: true, webauthn:extension:largeBlob: true, webauthn:virtualAuthenticators: true}
Session ID: cc8a6831e521599af5f91bbf31b8bc34
	at org.openqa.selenium.remote.http.W3CHttpResponseCodec.createException(W3CHttpResponseCodec.java:187)
	at org.openqa.selenium.remote.http.W3CHttpResponseCodec.decode(W3CHttpResponseCodec.java:122)
	at org.openqa.selenium.remote.http.W3CHttpResponseCodec.decode(W3CHttpResponseCodec.java:49)
	at org.openqa.selenium.remote.HttpCommandExecutor.execute(HttpCommandExecutor.java:158)
	at org.openqa.selenium.remote.service.DriverCommandExecutor.execute(DriverCommandExecutor.java:83)
	at org.openqa.selenium.remote.RemoteWebDriver.execute(RemoteWebDriver.java:552)
	at com.kms.katalon.selenium.driver.CChromeDriver.execute(CChromeDriver.java:19)
	at org.openqa.selenium.remote.RemoteWebElement.execute(RemoteWebElement.java:285)
	at org.openqa.selenium.remote.RemoteWebElement.click(RemoteWebElement.java:84)
	at org.openqa.selenium.support.events.EventFiringWebDriver$EventFiringWebElement.lambda$new$0(EventFiringWebDriver.java:404)
	at com.sun.proxy.$Proxy11.click(Unknown Source)
	at org.openqa.selenium.support.events.EventFiringWebDriver$EventFiringWebElement.click(EventFiringWebDriver.java:417)
	at com.kms.katalon.core.webui.keyword.builtin.ClickKeyword$_click_closure1.doCall(ClickKeyword.groovy:68)
	at com.kms.katalon.core.webui.keyword.builtin.ClickKeyword$_click_closure1.call(ClickKeyword.groovy)
	at com.kms.katalon.core.webui.keyword.internal.WebUIKeywordMain.runKeyword(WebUIKeywordMain.groovy:20)
	... 19 more
"/>
         <system-out><![CDATA[2021-09-29 14:04:48 - [TEST_CASE][FAILED] - Test Cases/order-menu: Test Cases/order-menu FAILED.
Reason:
com.kms.katalon.core.exception.StepFailedException: Unable to click on object 'Object Repository/orderPage/form-order/input-phone'
	at com.kms.katalon.core.webui.keyword.internal.WebUIKeywordMain.stepFailed(WebUIKeywordMain.groovy:64)
	at com.kms.katalon.core.webui.keyword.internal.WebUIKeywordMain.runKeyword(WebUIKeywordMain.groovy:26)
	at com.kms.katalon.core.webui.keyword.builtin.ClickKeyword.click(ClickKeyword.groovy:75)
	at com.kms.katalon.core.webui.keyword.builtin.ClickKeyword.execute(ClickKeyword.groovy:42)
	at com.kms.katalon.core.keyword.internal.KeywordExecutor.executeKeywordForPlatform(KeywordExecutor.groovy:74)
	at com.kms.katalon.core.webui.keyword.WebUiBuiltInKeywords.click(WebUiBuiltInKeywords.groovy:620)
	at com.kms.katalon.core.webui.keyword.WebUiBuiltInKeywords$click$2.call(Unknown Source)
	at order-menu.run(order-menu:49)
	at com.kms.katalon.core.main.ScriptEngine.run(ScriptEngine.java:194)
	at com.kms.katalon.core.main.ScriptEngine.runScriptAsRawText(ScriptEngine.java:119)
	at com.kms.katalon.core.main.TestCaseExecutor.runScript(TestCaseExecutor.java:430)
	at com.kms.katalon.core.main.TestCaseExecutor.doExecute(TestCaseExecutor.java:421)
	at com.kms.katalon.core.main.TestCaseExecutor.processExecutionPhase(TestCaseExecutor.java:400)
	at com.kms.katalon.core.main.TestCaseExecutor.accessMainPhase(TestCaseExecutor.java:392)
	at com.kms.katalon.core.main.TestCaseExecutor.execute(TestCaseExecutor.java:273)
	at com.kms.katalon.core.main.TestSuiteExecutor.accessTestCaseMainPhase(TestSuiteExecutor.java:202)
	at com.kms.katalon.core.main.TestSuiteExecutor.accessTestSuiteMainPhase(TestSuiteExecutor.java:164)
	at com.kms.katalon.core.main.TestSuiteExecutor.execute(TestSuiteExecutor.java:105)
	at com.kms.katalon.core.main.TestCaseMain.startTestSuite(TestCaseMain.java:185)
	at com.kms.katalon.core.main.TestCaseMain$startTestSuite$0.call(Unknown Source)
	at TempTestSuite1632899055819.run(TempTestSuite1632899055819.groovy:36)
Caused by: org.openqa.selenium.ElementNotInteractableException: element not interactable
  (Session info: chrome=93.0.4577.82)
Build info: version: '3.141.59', revision: 'e82be7d358', time: '2018-11-14T08:25:53'
System info: host: 'MSI', ip: '192.168.0.113', os.name: 'Windows 10', os.arch: 'amd64', os.version: '10.0', java.version: '1.8.0_282'
Driver info: com.kms.katalon.selenium.driver.CChromeDriver
Capabilities {acceptInsecureCerts: false, browserName: chrome, browserVersion: 93.0.4577.82, chrome: {chromedriverVersion: 92.0.4515.43 (8c61b7e2989f2..., userDataDir: C:\Users\rocky\AppData\Loca...}, goog:chromeOptions: {debuggerAddress: localhost:55664}, javascriptEnabled: true, networkConnectionEnabled: false, pageLoadStrategy: normal, platform: WINDOWS, platformName: WINDOWS, proxy: Proxy(), setWindowRect: true, strictFileInteractability: false, timeouts: {implicit: 0, pageLoad: 300000, script: 30000}, unhandledPromptBehavior: dismiss and notify, webauthn:extension:credBlob: true, webauthn:extension:largeBlob: true, webauthn:virtualAuthenticators: true}
Session ID: cc8a6831e521599af5f91bbf31b8bc34
	at org.openqa.selenium.remote.http.W3CHttpResponseCodec.createException(W3CHttpResponseCodec.java:187)
	at org.openqa.selenium.remote.http.W3CHttpResponseCodec.decode(W3CHttpResponseCodec.java:122)
	at org.openqa.selenium.remote.http.W3CHttpResponseCodec.decode(W3CHttpResponseCodec.java:49)
	at org.openqa.selenium.remote.HttpCommandExecutor.execute(HttpCommandExecutor.java:158)
	at org.openqa.selenium.remote.service.DriverCommandExecutor.execute(DriverCommandExecutor.java:83)
	at org.openqa.selenium.remote.RemoteWebDriver.execute(RemoteWebDriver.java:552)
	at com.kms.katalon.selenium.driver.CChromeDriver.execute(CChromeDriver.java:19)
	at org.openqa.selenium.remote.RemoteWebElement.execute(RemoteWebElement.java:285)
	at org.openqa.selenium.remote.RemoteWebElement.click(RemoteWebElement.java:84)
	at org.openqa.selenium.support.events.EventFiringWebDriver$EventFiringWebElement.lambda$new$0(EventFiringWebDriver.java:404)
	at com.sun.proxy.$Proxy11.click(Unknown Source)
	at org.openqa.selenium.support.events.EventFiringWebDriver$EventFiringWebElement.click(EventFiringWebDriver.java:417)
	at com.kms.katalon.core.webui.keyword.builtin.ClickKeyword$_click_closure1.doCall(ClickKeyword.groovy:68)
	at com.kms.katalon.core.webui.keyword.builtin.ClickKeyword$_click_closure1.call(ClickKeyword.groovy)
	at com.kms.katalon.core.webui.keyword.internal.WebUIKeywordMain.runKeyword(WebUIKeywordMain.groovy:20)
	... 19 more


2021-09-29 14:04:48 - [TEST_STEP][PASSED] - openBrowser("http://116.254.100.222:81/login"): Browser is opened with url: 'http://116.254.100.222:81/login'

2021-09-29 14:04:48 - [MESSAGE][INFO] - Starting 'Chrome' driver

2021-09-29 14:04:48 - [MESSAGE][INFO] - Action delay is set to 0 milliseconds

2021-09-29 14:04:51 - [MESSAGE][PASSED] - Browser is opened with url: 'http://116.254.100.222:81/login'

2021-09-29 14:04:51 - [TEST_STEP][PASSED] - helper.helper.loginBrowser("rocky@gmail.com", "rocky182"): helper.helper.loginBrowser is PASSED

2021-09-29 14:04:52 - [MESSAGE][PASSED] - Text 'rocky@gmail.com' is set on object 'Object Repository/loginpage/input-email'

2021-09-29 14:04:52 - [MESSAGE][PASSED] - Text 'rocky182' is set on object 'Object Repository/loginpage/input_password'

2021-09-29 14:04:55 - [MESSAGE][PASSED] - Object: 'Object Repository/loginpage/btn-login' is clicked on

2021-09-29 14:04:55 - [MESSAGE][PASSED] - helper.helper.loginBrowser is PASSED

2021-09-29 14:04:55 - [TEST_STEP][PASSED] - click(findTestObject("Object Repository/dashboard/transaction-menu")): Object: 'Object Repository/dashboard/transaction-menu' is clicked on

2021-09-29 14:04:56 - [MESSAGE][PASSED] - Object: 'Object Repository/dashboard/transaction-menu' is clicked on

2021-09-29 14:04:56 - [TEST_STEP][PASSED] - scrollToElement(findTestObject("Object Repository/orderPage/orderAction_btn"), 1): Scroll to object 'Object Repository/orderPage/orderAction_btn' successfully

2021-09-29 14:04:56 - [MESSAGE][PASSED] - Scroll to object 'Object Repository/orderPage/orderAction_btn' successfully

2021-09-29 14:04:56 - [TEST_STEP][PASSED] - click(findTestObject("Object Repository/orderPage/orderAction_btn")): Object: 'Object Repository/orderPage/orderAction_btn' is clicked on

2021-09-29 14:04:56 - [MESSAGE][PASSED] - Object: 'Object Repository/orderPage/orderAction_btn' is clicked on

2021-09-29 14:04:56 - [TEST_STEP][PASSED] - verifyElementPresent(findTestObject("Object Repository/orderPage/modal-content"), 1): Object 'Object Repository/orderPage/modal-content' is present

2021-09-29 14:04:57 - [MESSAGE][PASSED] - Object 'Object Repository/orderPage/modal-content' is present

2021-09-29 14:04:57 - [TEST_STEP][PASSED] - click(findTestObject("Object Repository/orderPage/btn-nasi")): Object: 'Object Repository/orderPage/btn-nasi' is clicked on

2021-09-29 14:04:57 - [MESSAGE][PASSED] - Object: 'Object Repository/orderPage/btn-nasi' is clicked on

2021-09-29 14:04:57 - [TEST_STEP][PASSED] - verifyElementPresent(findTestObject("Object Repository/orderPage/modal-cat-nasi"), 1): Object 'Object Repository/orderPage/modal-cat-nasi' is present

2021-09-29 14:04:58 - [MESSAGE][PASSED] - Object 'Object Repository/orderPage/modal-cat-nasi' is present

2021-09-29 14:04:58 - [TEST_STEP][PASSED] - click(findTestObject("Object Repository/orderPage/btn-nasi-goreng")): Object: 'Object Repository/orderPage/btn-nasi-goreng' is clicked on

2021-09-29 14:04:59 - [MESSAGE][PASSED] - Object: 'Object Repository/orderPage/btn-nasi-goreng' is clicked on

2021-09-29 14:04:59 - [TEST_STEP][PASSED] - verifyElementPresent(findTestObject("Object Repository/orderPage/Modal-order"), 1): Object 'Object Repository/orderPage/Modal-order' is present

2021-09-29 14:04:59 - [MESSAGE][PASSED] - Object 'Object Repository/orderPage/Modal-order' is present

2021-09-29 14:04:59 - [TEST_STEP][PASSED] - verifyElementText(findTestObject("Object Repository/orderPage/modal-title-order"), "Order Delivery"): Actual text and expected text of test object 'Object Repository/orderPage/modal-title-order' are matched.

2021-09-29 14:05:00 - [MESSAGE][PASSED] - Actual text and expected text of test object 'Object Repository/orderPage/modal-title-order' are matched.

2021-09-29 14:05:00 - [TEST_STEP][PASSED] - setText(findTestObject("Object Repository/orderPage/form-order/input-name"), name): Text 'sanusi' is set on object 'Object Repository/orderPage/form-order/input-name'

2021-09-29 14:05:00 - [MESSAGE][PASSED] - Text 'sanusi' is set on object 'Object Repository/orderPage/form-order/input-name'

2021-09-29 14:05:00 - [TEST_STEP][PASSED] - setText(findTestObject("Object Repository/orderPage/form-order/input-address"), address): Text 'jalan bacok
' is set on object 'Object Repository/orderPage/form-order/input-address'

2021-09-29 14:05:02 - [MESSAGE][PASSED] - Text 'jalan bacok
' is set on object 'Object Repository/orderPage/form-order/input-address'

2021-09-29 14:05:02 - [TEST_STEP][FAILED] - click(findTestObject("Object Repository/orderPage/form-order/input-phone")): Unable to click on object 'Object Repository/orderPage/form-order/input-phone' (Root cause: com.kms.katalon.core.exception.StepFailedException: Unable to click on object 'Object Repository/orderPage/form-order/input-phone'
	at com.kms.katalon.core.webui.keyword.internal.WebUIKeywordMain.stepFailed(WebUIKeywordMain.groovy:64)
	at com.kms.katalon.core.webui.keyword.internal.WebUIKeywordMain.runKeyword(WebUIKeywordMain.groovy:26)
	at com.kms.katalon.core.webui.keyword.builtin.ClickKeyword.click(ClickKeyword.groovy:75)
	at com.kms.katalon.core.webui.keyword.builtin.ClickKeyword.execute(ClickKeyword.groovy:42)
	at com.kms.katalon.core.keyword.internal.KeywordExecutor.executeKeywordForPlatform(KeywordExecutor.groovy:74)
	at com.kms.katalon.core.webui.keyword.WebUiBuiltInKeywords.click(WebUiBuiltInKeywords.groovy:620)
	at com.kms.katalon.core.webui.keyword.WebUiBuiltInKeywords$click$2.call(Unknown Source)
	at order-menu.run(order-menu:49)
	at com.kms.katalon.core.main.ScriptEngine.run(ScriptEngine.java:194)
	at com.kms.katalon.core.main.ScriptEngine.runScriptAsRawText(ScriptEngine.java:119)
	at com.kms.katalon.core.main.TestCaseExecutor.runScript(TestCaseExecutor.java:430)
	at com.kms.katalon.core.main.TestCaseExecutor.doExecute(TestCaseExecutor.java:421)
	at com.kms.katalon.core.main.TestCaseExecutor.processExecutionPhase(TestCaseExecutor.java:400)
	at com.kms.katalon.core.main.TestCaseExecutor.accessMainPhase(TestCaseExecutor.java:392)
	at com.kms.katalon.core.main.TestCaseExecutor.execute(TestCaseExecutor.java:273)
	at com.kms.katalon.core.main.TestSuiteExecutor.accessTestCaseMainPhase(TestSuiteExecutor.java:202)
	at com.kms.katalon.core.main.TestSuiteExecutor.accessTestSuiteMainPhase(TestSuiteExecutor.java:164)
	at com.kms.katalon.core.main.TestSuiteExecutor.execute(TestSuiteExecutor.java:105)
	at com.kms.katalon.core.main.TestCaseMain.startTestSuite(TestCaseMain.java:185)
	at com.kms.katalon.core.main.TestCaseMain$startTestSuite$0.call(Unknown Source)
	at TempTestSuite1632899055819.run(TempTestSuite1632899055819.groovy:36)
Caused by: org.openqa.selenium.ElementNotInteractableException: element not interactable
  (Session info: chrome=93.0.4577.82)
Build info: version: '3.141.59', revision: 'e82be7d358', time: '2018-11-14T08:25:53'
System info: host: 'MSI', ip: '192.168.0.113', os.name: 'Windows 10', os.arch: 'amd64', os.version: '10.0', java.version: '1.8.0_282'
Driver info: com.kms.katalon.selenium.driver.CChromeDriver
Capabilities {acceptInsecureCerts: false, browserName: chrome, browserVersion: 93.0.4577.82, chrome: {chromedriverVersion: 92.0.4515.43 (8c61b7e2989f2..., userDataDir: C:\Users\rocky\AppData\Loca...}, goog:chromeOptions: {debuggerAddress: localhost:55664}, javascriptEnabled: true, networkConnectionEnabled: false, pageLoadStrategy: normal, platform: WINDOWS, platformName: WINDOWS, proxy: Proxy(), setWindowRect: true, strictFileInteractability: false, timeouts: {implicit: 0, pageLoad: 300000, script: 30000}, unhandledPromptBehavior: dismiss and notify, webauthn:extension:credBlob: true, webauthn:extension:largeBlob: true, webauthn:virtualAuthenticators: true}
Session ID: cc8a6831e521599af5f91bbf31b8bc34
	at org.openqa.selenium.remote.http.W3CHttpResponseCodec.createException(W3CHttpResponseCodec.java:187)
	at org.openqa.selenium.remote.http.W3CHttpResponseCodec.decode(W3CHttpResponseCodec.java:122)
	at org.openqa.selenium.remote.http.W3CHttpResponseCodec.decode(W3CHttpResponseCodec.java:49)
	at org.openqa.selenium.remote.HttpCommandExecutor.execute(HttpCommandExecutor.java:158)
	at org.openqa.selenium.remote.service.DriverCommandExecutor.execute(DriverCommandExecutor.java:83)
	at org.openqa.selenium.remote.RemoteWebDriver.execute(RemoteWebDriver.java:552)
	at com.kms.katalon.selenium.driver.CChromeDriver.execute(CChromeDriver.java:19)
	at org.openqa.selenium.remote.RemoteWebElement.execute(RemoteWebElement.java:285)
	at org.openqa.selenium.remote.RemoteWebElement.click(RemoteWebElement.java:84)
	at org.openqa.selenium.support.events.EventFiringWebDriver$EventFiringWebElement.lambda$new$0(EventFiringWebDriver.java:404)
	at com.sun.proxy.$Proxy11.click(Unknown Source)
	at org.openqa.selenium.support.events.EventFiringWebDriver$EventFiringWebElement.click(EventFiringWebDriver.java:417)
	at com.kms.katalon.core.webui.keyword.builtin.ClickKeyword$_click_closure1.doCall(ClickKeyword.groovy:68)
	at com.kms.katalon.core.webui.keyword.builtin.ClickKeyword$_click_closure1.call(ClickKeyword.groovy)
	at com.kms.katalon.core.webui.keyword.internal.WebUIKeywordMain.runKeyword(WebUIKeywordMain.groovy:20)
	at com.kms.katalon.core.webui.keyword.builtin.ClickKeyword.click(ClickKeyword.groovy:75)
	at com.kms.katalon.core.webui.keyword.builtin.ClickKeyword.execute(ClickKeyword.groovy:42)
	at com.kms.katalon.core.keyword.internal.KeywordExecutor.executeKeywordForPlatform(KeywordExecutor.groovy:74)
	at com.kms.katalon.core.webui.keyword.WebUiBuiltInKeywords.click(WebUiBuiltInKeywords.groovy:620)
	at com.kms.katalon.core.webui.keyword.WebUiBuiltInKeywords$click$2.call(Unknown Source)
	at Script1631342499077.run(Script1631342499077.groovy:49)
	... 13 more
)

2021-09-29 14:05:02 - [MESSAGE][FAILED] - Unable to click on object 'Object Repository/orderPage/form-order/input-phone' (Root cause: com.kms.katalon.core.exception.StepFailedException: Unable to click on object 'Object Repository/orderPage/form-order/input-phone'
	at com.kms.katalon.core.webui.keyword.internal.WebUIKeywordMain.stepFailed(WebUIKeywordMain.groovy:64)
	at com.kms.katalon.core.webui.keyword.internal.WebUIKeywordMain.runKeyword(WebUIKeywordMain.groovy:26)
	at com.kms.katalon.core.webui.keyword.builtin.ClickKeyword.click(ClickKeyword.groovy:75)
	at com.kms.katalon.core.webui.keyword.builtin.ClickKeyword.execute(ClickKeyword.groovy:42)
	at com.kms.katalon.core.keyword.internal.KeywordExecutor.executeKeywordForPlatform(KeywordExecutor.groovy:74)
	at com.kms.katalon.core.webui.keyword.WebUiBuiltInKeywords.click(WebUiBuiltInKeywords.groovy:620)
	at com.kms.katalon.core.webui.keyword.WebUiBuiltInKeywords$click$2.call(Unknown Source)
	at order-menu.run(order-menu:49)
	at com.kms.katalon.core.main.ScriptEngine.run(ScriptEngine.java:194)
	at com.kms.katalon.core.main.ScriptEngine.runScriptAsRawText(ScriptEngine.java:119)
	at com.kms.katalon.core.main.TestCaseExecutor.runScript(TestCaseExecutor.java:430)
	at com.kms.katalon.core.main.TestCaseExecutor.doExecute(TestCaseExecutor.java:421)
	at com.kms.katalon.core.main.TestCaseExecutor.processExecutionPhase(TestCaseExecutor.java:400)
	at com.kms.katalon.core.main.TestCaseExecutor.accessMainPhase(TestCaseExecutor.java:392)
	at com.kms.katalon.core.main.TestCaseExecutor.execute(TestCaseExecutor.java:273)
	at com.kms.katalon.core.main.TestSuiteExecutor.accessTestCaseMainPhase(TestSuiteExecutor.java:202)
	at com.kms.katalon.core.main.TestSuiteExecutor.accessTestSuiteMainPhase(TestSuiteExecutor.java:164)
	at com.kms.katalon.core.main.TestSuiteExecutor.execute(TestSuiteExecutor.java:105)
	at com.kms.katalon.core.main.TestCaseMain.startTestSuite(TestCaseMain.java:185)
	at com.kms.katalon.core.main.TestCaseMain$startTestSuite$0.call(Unknown Source)
	at TempTestSuite1632899055819.run(TempTestSuite1632899055819.groovy:36)
Caused by: org.openqa.selenium.ElementNotInteractableException: element not interactable
  (Session info: chrome=93.0.4577.82)
Build info: version: '3.141.59', revision: 'e82be7d358', time: '2018-11-14T08:25:53'
System info: host: 'MSI', ip: '192.168.0.113', os.name: 'Windows 10', os.arch: 'amd64', os.version: '10.0', java.version: '1.8.0_282'
Driver info: com.kms.katalon.selenium.driver.CChromeDriver
Capabilities {acceptInsecureCerts: false, browserName: chrome, browserVersion: 93.0.4577.82, chrome: {chromedriverVersion: 92.0.4515.43 (8c61b7e2989f2..., userDataDir: C:\Users\rocky\AppData\Loca...}, goog:chromeOptions: {debuggerAddress: localhost:55664}, javascriptEnabled: true, networkConnectionEnabled: false, pageLoadStrategy: normal, platform: WINDOWS, platformName: WINDOWS, proxy: Proxy(), setWindowRect: true, strictFileInteractability: false, timeouts: {implicit: 0, pageLoad: 300000, script: 30000}, unhandledPromptBehavior: dismiss and notify, webauthn:extension:credBlob: true, webauthn:extension:largeBlob: true, webauthn:virtualAuthenticators: true}
Session ID: cc8a6831e521599af5f91bbf31b8bc34
	at org.openqa.selenium.remote.http.W3CHttpResponseCodec.createException(W3CHttpResponseCodec.java:187)
	at org.openqa.selenium.remote.http.W3CHttpResponseCodec.decode(W3CHttpResponseCodec.java:122)
	at org.openqa.selenium.remote.http.W3CHttpResponseCodec.decode(W3CHttpResponseCodec.java:49)
	at org.openqa.selenium.remote.HttpCommandExecutor.execute(HttpCommandExecutor.java:158)
	at org.openqa.selenium.remote.service.DriverCommandExecutor.execute(DriverCommandExecutor.java:83)
	at org.openqa.selenium.remote.RemoteWebDriver.execute(RemoteWebDriver.java:552)
	at com.kms.katalon.selenium.driver.CChromeDriver.execute(CChromeDriver.java:19)
	at org.openqa.selenium.remote.RemoteWebElement.execute(RemoteWebElement.java:285)
	at org.openqa.selenium.remote.RemoteWebElement.click(RemoteWebElement.java:84)
	at org.openqa.selenium.support.events.EventFiringWebDriver$EventFiringWebElement.lambda$new$0(EventFiringWebDriver.java:404)
	at com.sun.proxy.$Proxy11.click(Unknown Source)
	at org.openqa.selenium.support.events.EventFiringWebDriver$EventFiringWebElement.click(EventFiringWebDriver.java:417)
	at com.kms.katalon.core.webui.keyword.builtin.ClickKeyword$_click_closure1.doCall(ClickKeyword.groovy:68)
	at com.kms.katalon.core.webui.keyword.builtin.ClickKeyword$_click_closure1.call(ClickKeyword.groovy)
	at com.kms.katalon.core.webui.keyword.internal.WebUIKeywordMain.runKeyword(WebUIKeywordMain.groovy:20)
	at com.kms.katalon.core.webui.keyword.builtin.ClickKeyword.click(ClickKeyword.groovy:75)
	at com.kms.katalon.core.webui.keyword.builtin.ClickKeyword.execute(ClickKeyword.groovy:42)
	at com.kms.katalon.core.keyword.internal.KeywordExecutor.executeKeywordForPlatform(KeywordExecutor.groovy:74)
	at com.kms.katalon.core.webui.keyword.WebUiBuiltInKeywords.click(WebUiBuiltInKeywords.groovy:620)
	at com.kms.katalon.core.webui.keyword.WebUiBuiltInKeywords$click$2.call(Unknown Source)
	at Script1631342499077.run(Script1631342499077.groovy:49)
	... 13 more
)
[[ATTACHMENT|D:\\playground\\testing\\indocyberv2katalon\\Reports\\20210929_140414\\Scenario_indocyber\\20210929_140415\\1632899102716.png]]

2021-09-29 14:05:04 - [TEST_STEP][PASSED] - Video: Video recording for test case 'Test Cases/order-menu' .

2021-09-29 14:05:04 - [MESSAGE][INFO] - Video recording for test case 'Test Cases/order-menu' .]]></system-out>
         <system-err><![CDATA[2021-09-29 14:04:48 - [TEST_CASE][FAILED] - Test Cases/order-menu: Test Cases/order-menu FAILED.
Reason:
com.kms.katalon.core.exception.StepFailedException: Unable to click on object 'Object Repository/orderPage/form-order/input-phone'
	at com.kms.katalon.core.webui.keyword.internal.WebUIKeywordMain.stepFailed(WebUIKeywordMain.groovy:64)
	at com.kms.katalon.core.webui.keyword.internal.WebUIKeywordMain.runKeyword(WebUIKeywordMain.groovy:26)
	at com.kms.katalon.core.webui.keyword.builtin.ClickKeyword.click(ClickKeyword.groovy:75)
	at com.kms.katalon.core.webui.keyword.builtin.ClickKeyword.execute(ClickKeyword.groovy:42)
	at com.kms.katalon.core.keyword.internal.KeywordExecutor.executeKeywordForPlatform(KeywordExecutor.groovy:74)
	at com.kms.katalon.core.webui.keyword.WebUiBuiltInKeywords.click(WebUiBuiltInKeywords.groovy:620)
	at com.kms.katalon.core.webui.keyword.WebUiBuiltInKeywords$click$2.call(Unknown Source)
	at order-menu.run(order-menu:49)
	at com.kms.katalon.core.main.ScriptEngine.run(ScriptEngine.java:194)
	at com.kms.katalon.core.main.ScriptEngine.runScriptAsRawText(ScriptEngine.java:119)
	at com.kms.katalon.core.main.TestCaseExecutor.runScript(TestCaseExecutor.java:430)
	at com.kms.katalon.core.main.TestCaseExecutor.doExecute(TestCaseExecutor.java:421)
	at com.kms.katalon.core.main.TestCaseExecutor.processExecutionPhase(TestCaseExecutor.java:400)
	at com.kms.katalon.core.main.TestCaseExecutor.accessMainPhase(TestCaseExecutor.java:392)
	at com.kms.katalon.core.main.TestCaseExecutor.execute(TestCaseExecutor.java:273)
	at com.kms.katalon.core.main.TestSuiteExecutor.accessTestCaseMainPhase(TestSuiteExecutor.java:202)
	at com.kms.katalon.core.main.TestSuiteExecutor.accessTestSuiteMainPhase(TestSuiteExecutor.java:164)
	at com.kms.katalon.core.main.TestSuiteExecutor.execute(TestSuiteExecutor.java:105)
	at com.kms.katalon.core.main.TestCaseMain.startTestSuite(TestCaseMain.java:185)
	at com.kms.katalon.core.main.TestCaseMain$startTestSuite$0.call(Unknown Source)
	at TempTestSuite1632899055819.run(TempTestSuite1632899055819.groovy:36)
Caused by: org.openqa.selenium.ElementNotInteractableException: element not interactable
  (Session info: chrome=93.0.4577.82)
Build info: version: '3.141.59', revision: 'e82be7d358', time: '2018-11-14T08:25:53'
System info: host: 'MSI', ip: '192.168.0.113', os.name: 'Windows 10', os.arch: 'amd64', os.version: '10.0', java.version: '1.8.0_282'
Driver info: com.kms.katalon.selenium.driver.CChromeDriver
Capabilities {acceptInsecureCerts: false, browserName: chrome, browserVersion: 93.0.4577.82, chrome: {chromedriverVersion: 92.0.4515.43 (8c61b7e2989f2..., userDataDir: C:\Users\rocky\AppData\Loca...}, goog:chromeOptions: {debuggerAddress: localhost:55664}, javascriptEnabled: true, networkConnectionEnabled: false, pageLoadStrategy: normal, platform: WINDOWS, platformName: WINDOWS, proxy: Proxy(), setWindowRect: true, strictFileInteractability: false, timeouts: {implicit: 0, pageLoad: 300000, script: 30000}, unhandledPromptBehavior: dismiss and notify, webauthn:extension:credBlob: true, webauthn:extension:largeBlob: true, webauthn:virtualAuthenticators: true}
Session ID: cc8a6831e521599af5f91bbf31b8bc34
	at org.openqa.selenium.remote.http.W3CHttpResponseCodec.createException(W3CHttpResponseCodec.java:187)
	at org.openqa.selenium.remote.http.W3CHttpResponseCodec.decode(W3CHttpResponseCodec.java:122)
	at org.openqa.selenium.remote.http.W3CHttpResponseCodec.decode(W3CHttpResponseCodec.java:49)
	at org.openqa.selenium.remote.HttpCommandExecutor.execute(HttpCommandExecutor.java:158)
	at org.openqa.selenium.remote.service.DriverCommandExecutor.execute(DriverCommandExecutor.java:83)
	at org.openqa.selenium.remote.RemoteWebDriver.execute(RemoteWebDriver.java:552)
	at com.kms.katalon.selenium.driver.CChromeDriver.execute(CChromeDriver.java:19)
	at org.openqa.selenium.remote.RemoteWebElement.execute(RemoteWebElement.java:285)
	at org.openqa.selenium.remote.RemoteWebElement.click(RemoteWebElement.java:84)
	at org.openqa.selenium.support.events.EventFiringWebDriver$EventFiringWebElement.lambda$new$0(EventFiringWebDriver.java:404)
	at com.sun.proxy.$Proxy11.click(Unknown Source)
	at org.openqa.selenium.support.events.EventFiringWebDriver$EventFiringWebElement.click(EventFiringWebDriver.java:417)
	at com.kms.katalon.core.webui.keyword.builtin.ClickKeyword$_click_closure1.doCall(ClickKeyword.groovy:68)
	at com.kms.katalon.core.webui.keyword.builtin.ClickKeyword$_click_closure1.call(ClickKeyword.groovy)
	at com.kms.katalon.core.webui.keyword.internal.WebUIKeywordMain.runKeyword(WebUIKeywordMain.groovy:20)
	... 19 more]]></system-err>
      </testcase>
      <testcase name="Test Cases/Add Data Member" time="15.867" classname="Test Cases/Add Data Member" status="PASSED">
         <system-out><![CDATA[2021-09-29 14:05:04 - [TEST_CASE][PASSED] - Test Cases/Add Data Member: Test Cases/Add Data Member

2021-09-29 14:05:05 - [TEST_STEP][PASSED] - openBrowser("http://116.254.100.222:81/login"): Browser is opened with url: 'http://116.254.100.222:81/login'

2021-09-29 14:05:05 - [MESSAGE][WARNING] - A browser is already opened. Closing browser and opening a new one

2021-09-29 14:05:05 - [MESSAGE][INFO] - Starting 'Chrome' driver

2021-09-29 14:05:05 - [MESSAGE][INFO] - Action delay is set to 0 milliseconds

2021-09-29 14:05:08 - [MESSAGE][PASSED] - Browser is opened with url: 'http://116.254.100.222:81/login'

2021-09-29 14:05:08 - [TEST_STEP][PASSED] - name = name: null

2021-09-29 14:05:08 - [TEST_STEP][PASSED] - point = point: null

2021-09-29 14:05:08 - [TEST_STEP][PASSED] - helper.helper.loginBrowser("rocky@gmail.com", "rocky182"): helper.helper.loginBrowser is PASSED

2021-09-29 14:05:09 - [MESSAGE][PASSED] - Text 'rocky@gmail.com' is set on object 'Object Repository/loginpage/input-email'

2021-09-29 14:05:10 - [MESSAGE][PASSED] - Text 'rocky182' is set on object 'Object Repository/loginpage/input_password'

2021-09-29 14:05:12 - [MESSAGE][PASSED] - Object: 'Object Repository/loginpage/btn-login' is clicked on

2021-09-29 14:05:12 - [MESSAGE][PASSED] - helper.helper.loginBrowser is PASSED

2021-09-29 14:05:12 - [TEST_STEP][PASSED] - helper.helper.addDataMember(name, point): helper.helper.addDataMember is PASSED

2021-09-29 14:05:13 - [MESSAGE][PASSED] - Text 'Susan' is set on object 'Object Repository/dashboard/form-sample-page/input-name'

2021-09-29 14:05:13 - [MESSAGE][PASSED] - Text '50' is set on object 'Object Repository/dashboard/form-sample-page/input-point'

2021-09-29 14:05:14 - [MESSAGE][PASSED] - Object: 'Object Repository/dashboard/form-sample-page/btn-submit' is clicked on

2021-09-29 14:05:14 - [MESSAGE][PASSED] - helper.helper.addDataMember is PASSED

2021-09-29 14:05:14 - [TEST_STEP][PASSED] - helper.helper.checkingExistingData("Name", name, "Poin", point): helper.helper.checkingExistingData is PASSED

2021-09-29 14:05:18 - [MESSAGE][PASSED] - helper.helper.checkingExistingData is PASSED

2021-09-29 14:05:20 - [TEST_STEP][PASSED] - Video: Video recording for test case 'Test Cases/Add Data Member' .

2021-09-29 14:05:20 - [MESSAGE][INFO] - Video recording for test case 'Test Cases/Add Data Member' .]]></system-out>
         <system-err><![CDATA[]]></system-err>
      </testcase>
      <testcase name="Test Cases/TC_005_ADD Member 20 times using conditional" time="184.53" classname="Test Cases/TC_005_ADD Member 20 times using conditional" status="PASSED">
         <system-out><![CDATA[2021-09-29 14:05:20 - [TEST_CASE][PASSED] - Test Cases/TC_005_ADD Member 20 times using conditional: Test Cases/TC_005_ADD Member 20 times using conditional

2021-09-29 14:05:21 - [TEST_STEP][PASSED] - openBrowser("http://116.254.100.222:81/login"): Browser is opened with url: 'http://116.254.100.222:81/login'

2021-09-29 14:05:21 - [MESSAGE][WARNING] - A browser is already opened. Closing browser and opening a new one

2021-09-29 14:05:21 - [MESSAGE][INFO] - Starting 'Chrome' driver

2021-09-29 14:05:21 - [MESSAGE][INFO] - Action delay is set to 0 milliseconds

2021-09-29 14:05:23 - [MESSAGE][PASSED] - Browser is opened with url: 'http://116.254.100.222:81/login'

2021-09-29 14:05:23 - [TEST_STEP][PASSED] - helper.helper.loginBrowser("rocky@gmail.com", "rocky182"): helper.helper.loginBrowser is PASSED

2021-09-29 14:05:24 - [MESSAGE][PASSED] - Text 'rocky@gmail.com' is set on object 'Object Repository/loginpage/input-email'

2021-09-29 14:05:24 - [MESSAGE][PASSED] - Text 'rocky182' is set on object 'Object Repository/loginpage/input_password'

2021-09-29 14:05:27 - [MESSAGE][PASSED] - Object: 'Object Repository/loginpage/btn-login' is clicked on

2021-09-29 14:05:27 - [MESSAGE][PASSED] - helper.helper.loginBrowser is PASSED

2021-09-29 14:05:27 - [TEST_STEP][PASSED] - maxLoop = 20: null

2021-09-29 14:05:27 - [TEST_STEP][PASSED] - name = "": null

2021-09-29 14:05:27 - [TEST_STEP][PASSED] - point = 0: null

2021-09-29 14:05:27 - [TEST_STEP][PASSED] - for ([i = 1, i <= maxLoop, (i++)]): helper.helper.checkingExistingData is PASSED

2021-09-29 14:05:27 - [TEST_STEP][PASSED] - if (i % 2 == 0): null

2021-09-29 14:05:27 - [TEST_STEP][PASSED] - else: helper.helper.checkingExistingData is PASSED

2021-09-29 14:05:27 - [TEST_STEP][PASSED] - name = "Susan": null

2021-09-29 14:05:27 - [TEST_STEP][PASSED] - if (i % 3 == 0 && i % 5 == 0): null

2021-09-29 14:05:27 - [TEST_STEP][PASSED] - else if (i % 3 == 0): null

2021-09-29 14:05:27 - [TEST_STEP][PASSED] - else if (i % 5 == 0): null

2021-09-29 14:05:27 - [TEST_STEP][PASSED] - else: helper.helper.checkingExistingData is PASSED

2021-09-29 14:05:27 - [TEST_STEP][PASSED] - point = i: null

2021-09-29 14:05:27 - [TEST_STEP][PASSED] - helper.helper.addDataMember(name, point.toString()): helper.helper.addDataMember is PASSED

2021-09-29 14:05:27 - [MESSAGE][PASSED] - Text 'Susan' is set on object 'Object Repository/dashboard/form-sample-page/input-name'

2021-09-29 14:05:28 - [MESSAGE][PASSED] - Text '1' is set on object 'Object Repository/dashboard/form-sample-page/input-point'

2021-09-29 14:05:28 - [MESSAGE][PASSED] - Object: 'Object Repository/dashboard/form-sample-page/btn-submit' is clicked on

2021-09-29 14:05:28 - [MESSAGE][PASSED] - helper.helper.addDataMember is PASSED

2021-09-29 14:05:28 - [TEST_STEP][PASSED] - helper.helper.checkingExistingData("Name", name, "Poin", point.toString()): helper.helper.checkingExistingData is PASSED

2021-09-29 14:05:33 - [MESSAGE][PASSED] - helper.helper.checkingExistingData is PASSED

2021-09-29 14:05:33 - [TEST_STEP][PASSED] - if (i % 2 == 0): helper.helper.checkingExistingData is PASSED

2021-09-29 14:05:33 - [TEST_STEP][PASSED] - name = "Jaka": null

2021-09-29 14:05:33 - [TEST_STEP][PASSED] - if (i % 4 == 0 && i % 5 == 0): null

2021-09-29 14:05:33 - [TEST_STEP][PASSED] - else if (i % 4 == 0): null

2021-09-29 14:05:33 - [TEST_STEP][PASSED] - else if (i % 3 == 0): null

2021-09-29 14:05:33 - [TEST_STEP][PASSED] - else if (i % 5 == 0): null

2021-09-29 14:05:33 - [TEST_STEP][PASSED] - else: helper.helper.checkingExistingData is PASSED

2021-09-29 14:05:33 - [TEST_STEP][PASSED] - point = i: null

2021-09-29 14:05:33 - [TEST_STEP][PASSED] - helper.helper.addDataMember(name, point.toString()): helper.helper.addDataMember is PASSED

2021-09-29 14:05:34 - [MESSAGE][PASSED] - Text 'Jaka' is set on object 'Object Repository/dashboard/form-sample-page/input-name'

2021-09-29 14:05:34 - [MESSAGE][PASSED] - Text '2' is set on object 'Object Repository/dashboard/form-sample-page/input-point'

2021-09-29 14:05:35 - [MESSAGE][PASSED] - Object: 'Object Repository/dashboard/form-sample-page/btn-submit' is clicked on

2021-09-29 14:05:35 - [MESSAGE][PASSED] - helper.helper.addDataMember is PASSED

2021-09-29 14:05:35 - [TEST_STEP][PASSED] - helper.helper.checkingExistingData("Name", name, "Poin", point.toString()): helper.helper.checkingExistingData is PASSED

2021-09-29 14:05:39 - [MESSAGE][PASSED] - helper.helper.checkingExistingData is PASSED

2021-09-29 14:05:39 - [TEST_STEP][PASSED] - if (i % 2 == 0): null

2021-09-29 14:05:39 - [TEST_STEP][PASSED] - else: helper.helper.checkingExistingData is PASSED

2021-09-29 14:05:39 - [TEST_STEP][PASSED] - name = "Susan": null

2021-09-29 14:05:39 - [TEST_STEP][PASSED] - if (i % 3 == 0 && i % 5 == 0): null

2021-09-29 14:05:39 - [TEST_STEP][PASSED] - else if (i % 3 == 0): helper.helper.checkingExistingData is PASSED

2021-09-29 14:05:39 - [TEST_STEP][PASSED] - point = i * 3: null

2021-09-29 14:05:39 - [TEST_STEP][PASSED] - helper.helper.addDataMember(name, point.toString()): helper.helper.addDataMember is PASSED

2021-09-29 14:05:40 - [MESSAGE][PASSED] - Text 'Susan' is set on object 'Object Repository/dashboard/form-sample-page/input-name'

2021-09-29 14:05:40 - [MESSAGE][PASSED] - Text '9' is set on object 'Object Repository/dashboard/form-sample-page/input-point'

2021-09-29 14:05:41 - [MESSAGE][PASSED] - Object: 'Object Repository/dashboard/form-sample-page/btn-submit' is clicked on

2021-09-29 14:05:41 - [MESSAGE][PASSED] - helper.helper.addDataMember is PASSED

2021-09-29 14:05:41 - [TEST_STEP][PASSED] - helper.helper.checkingExistingData("Name", name, "Poin", point.toString()): helper.helper.checkingExistingData is PASSED

2021-09-29 14:05:46 - [MESSAGE][PASSED] - helper.helper.checkingExistingData is PASSED

2021-09-29 14:05:46 - [TEST_STEP][PASSED] - if (i % 2 == 0): helper.helper.checkingExistingData is PASSED

2021-09-29 14:05:46 - [TEST_STEP][PASSED] - name = "Jaka": null

2021-09-29 14:05:46 - [TEST_STEP][PASSED] - if (i % 4 == 0 && i % 5 == 0): null

2021-09-29 14:05:46 - [TEST_STEP][PASSED] - else if (i % 4 == 0): helper.helper.checkingExistingData is PASSED

2021-09-29 14:05:46 - [TEST_STEP][PASSED] - point = i * 4: null

2021-09-29 14:05:46 - [TEST_STEP][PASSED] - helper.helper.addDataMember(name, point.toString()): helper.helper.addDataMember is PASSED

2021-09-29 14:05:47 - [MESSAGE][PASSED] - Text 'Jaka' is set on object 'Object Repository/dashboard/form-sample-page/input-name'

2021-09-29 14:05:47 - [MESSAGE][PASSED] - Text '16' is set on object 'Object Repository/dashboard/form-sample-page/input-point'

2021-09-29 14:05:47 - [MESSAGE][PASSED] - Object: 'Object Repository/dashboard/form-sample-page/btn-submit' is clicked on

2021-09-29 14:05:47 - [MESSAGE][PASSED] - helper.helper.addDataMember is PASSED

2021-09-29 14:05:47 - [TEST_STEP][PASSED] - helper.helper.checkingExistingData("Name", name, "Poin", point.toString()): helper.helper.checkingExistingData is PASSED

2021-09-29 14:05:53 - [MESSAGE][PASSED] - helper.helper.checkingExistingData is PASSED

2021-09-29 14:05:53 - [TEST_STEP][PASSED] - if (i % 2 == 0): null

2021-09-29 14:05:53 - [TEST_STEP][PASSED] - else: helper.helper.checkingExistingData is PASSED

2021-09-29 14:05:53 - [TEST_STEP][PASSED] - name = "Susan": null

2021-09-29 14:05:53 - [TEST_STEP][PASSED] - if (i % 3 == 0 && i % 5 == 0): null

2021-09-29 14:05:53 - [TEST_STEP][PASSED] - else if (i % 3 == 0): null

2021-09-29 14:05:53 - [TEST_STEP][PASSED] - else if (i % 5 == 0): helper.helper.checkingExistingData is PASSED

2021-09-29 14:05:53 - [TEST_STEP][PASSED] - point = i * 5: null

2021-09-29 14:05:53 - [TEST_STEP][PASSED] - helper.helper.addDataMember(name, point.toString()): helper.helper.addDataMember is PASSED

2021-09-29 14:05:53 - [MESSAGE][PASSED] - Text 'Susan' is set on object 'Object Repository/dashboard/form-sample-page/input-name'

2021-09-29 14:05:54 - [MESSAGE][PASSED] - Text '25' is set on object 'Object Repository/dashboard/form-sample-page/input-point'

2021-09-29 14:05:54 - [MESSAGE][PASSED] - Object: 'Object Repository/dashboard/form-sample-page/btn-submit' is clicked on

2021-09-29 14:05:54 - [MESSAGE][PASSED] - helper.helper.addDataMember is PASSED

2021-09-29 14:05:54 - [TEST_STEP][PASSED] - helper.helper.checkingExistingData("Name", name, "Poin", point.toString()): helper.helper.checkingExistingData is PASSED

2021-09-29 14:05:58 - [MESSAGE][PASSED] - helper.helper.checkingExistingData is PASSED

2021-09-29 14:05:58 - [TEST_STEP][PASSED] - if (i % 2 == 0): helper.helper.checkingExistingData is PASSED

2021-09-29 14:05:58 - [TEST_STEP][PASSED] - name = "Jaka": null

2021-09-29 14:05:58 - [TEST_STEP][PASSED] - if (i % 4 == 0 && i % 5 == 0): null

2021-09-29 14:05:58 - [TEST_STEP][PASSED] - else if (i % 4 == 0): null

2021-09-29 14:05:58 - [TEST_STEP][PASSED] - else if (i % 3 == 0): helper.helper.checkingExistingData is PASSED

2021-09-29 14:05:58 - [TEST_STEP][PASSED] - point = i * 3: null

2021-09-29 14:05:58 - [TEST_STEP][PASSED] - helper.helper.addDataMember(name, point.toString()): helper.helper.addDataMember is PASSED

2021-09-29 14:05:59 - [MESSAGE][PASSED] - Text 'Jaka' is set on object 'Object Repository/dashboard/form-sample-page/input-name'

2021-09-29 14:06:00 - [MESSAGE][PASSED] - Text '18' is set on object 'Object Repository/dashboard/form-sample-page/input-point'

2021-09-29 14:06:00 - [MESSAGE][PASSED] - Object: 'Object Repository/dashboard/form-sample-page/btn-submit' is clicked on

2021-09-29 14:06:00 - [MESSAGE][PASSED] - helper.helper.addDataMember is PASSED

2021-09-29 14:06:00 - [TEST_STEP][PASSED] - helper.helper.checkingExistingData("Name", name, "Poin", point.toString()): helper.helper.checkingExistingData is PASSED

2021-09-29 14:06:06 - [MESSAGE][PASSED] - helper.helper.checkingExistingData is PASSED

2021-09-29 14:06:06 - [TEST_STEP][PASSED] - if (i % 2 == 0): null

2021-09-29 14:06:06 - [TEST_STEP][PASSED] - else: helper.helper.checkingExistingData is PASSED

2021-09-29 14:06:06 - [TEST_STEP][PASSED] - name = "Susan": null

2021-09-29 14:06:06 - [TEST_STEP][PASSED] - if (i % 3 == 0 && i % 5 == 0): null

2021-09-29 14:06:06 - [TEST_STEP][PASSED] - else if (i % 3 == 0): null

2021-09-29 14:06:06 - [TEST_STEP][PASSED] - else if (i % 5 == 0): null

2021-09-29 14:06:06 - [TEST_STEP][PASSED] - else: helper.helper.checkingExistingData is PASSED

2021-09-29 14:06:06 - [TEST_STEP][PASSED] - point = i: null

2021-09-29 14:06:06 - [TEST_STEP][PASSED] - helper.helper.addDataMember(name, point.toString()): helper.helper.addDataMember is PASSED

2021-09-29 14:06:07 - [MESSAGE][PASSED] - Text 'Susan' is set on object 'Object Repository/dashboard/form-sample-page/input-name'

2021-09-29 14:06:07 - [MESSAGE][PASSED] - Text '7' is set on object 'Object Repository/dashboard/form-sample-page/input-point'

2021-09-29 14:06:07 - [MESSAGE][PASSED] - Object: 'Object Repository/dashboard/form-sample-page/btn-submit' is clicked on

2021-09-29 14:06:07 - [MESSAGE][PASSED] - helper.helper.addDataMember is PASSED

2021-09-29 14:06:07 - [TEST_STEP][PASSED] - helper.helper.checkingExistingData("Name", name, "Poin", point.toString()): helper.helper.checkingExistingData is PASSED

2021-09-29 14:06:14 - [MESSAGE][PASSED] - helper.helper.checkingExistingData is PASSED

2021-09-29 14:06:14 - [TEST_STEP][PASSED] - if (i % 2 == 0): helper.helper.checkingExistingData is PASSED

2021-09-29 14:06:14 - [TEST_STEP][PASSED] - name = "Jaka": null

2021-09-29 14:06:14 - [TEST_STEP][PASSED] - if (i % 4 == 0 && i % 5 == 0): null

2021-09-29 14:06:14 - [TEST_STEP][PASSED] - else if (i % 4 == 0): helper.helper.checkingExistingData is PASSED

2021-09-29 14:06:14 - [TEST_STEP][PASSED] - point = i * 4: null

2021-09-29 14:06:14 - [TEST_STEP][PASSED] - helper.helper.addDataMember(name, point.toString()): helper.helper.addDataMember is PASSED

2021-09-29 14:06:14 - [MESSAGE][PASSED] - Text 'Jaka' is set on object 'Object Repository/dashboard/form-sample-page/input-name'

2021-09-29 14:06:15 - [MESSAGE][PASSED] - Text '32' is set on object 'Object Repository/dashboard/form-sample-page/input-point'

2021-09-29 14:06:15 - [MESSAGE][PASSED] - Object: 'Object Repository/dashboard/form-sample-page/btn-submit' is clicked on

2021-09-29 14:06:15 - [MESSAGE][PASSED] - helper.helper.addDataMember is PASSED

2021-09-29 14:06:15 - [TEST_STEP][PASSED] - helper.helper.checkingExistingData("Name", name, "Poin", point.toString()): helper.helper.checkingExistingData is PASSED

2021-09-29 14:06:22 - [MESSAGE][PASSED] - helper.helper.checkingExistingData is PASSED

2021-09-29 14:06:22 - [TEST_STEP][PASSED] - if (i % 2 == 0): null

2021-09-29 14:06:22 - [TEST_STEP][PASSED] - else: helper.helper.checkingExistingData is PASSED

2021-09-29 14:06:22 - [TEST_STEP][PASSED] - name = "Susan": null

2021-09-29 14:06:22 - [TEST_STEP][PASSED] - if (i % 3 == 0 && i % 5 == 0): null

2021-09-29 14:06:22 - [TEST_STEP][PASSED] - else if (i % 3 == 0): helper.helper.checkingExistingData is PASSED

2021-09-29 14:06:22 - [TEST_STEP][PASSED] - point = i * 3: null

2021-09-29 14:06:22 - [TEST_STEP][PASSED] - helper.helper.addDataMember(name, point.toString()): helper.helper.addDataMember is PASSED

2021-09-29 14:06:22 - [MESSAGE][PASSED] - Text 'Susan' is set on object 'Object Repository/dashboard/form-sample-page/input-name'

2021-09-29 14:06:23 - [MESSAGE][PASSED] - Text '27' is set on object 'Object Repository/dashboard/form-sample-page/input-point'

2021-09-29 14:06:23 - [MESSAGE][PASSED] - Object: 'Object Repository/dashboard/form-sample-page/btn-submit' is clicked on

2021-09-29 14:06:23 - [MESSAGE][PASSED] - helper.helper.addDataMember is PASSED

2021-09-29 14:06:23 - [TEST_STEP][PASSED] - helper.helper.checkingExistingData("Name", name, "Poin", point.toString()): helper.helper.checkingExistingData is PASSED

2021-09-29 14:06:30 - [MESSAGE][PASSED] - helper.helper.checkingExistingData is PASSED

2021-09-29 14:06:30 - [TEST_STEP][PASSED] - if (i % 2 == 0): helper.helper.checkingExistingData is PASSED

2021-09-29 14:06:30 - [TEST_STEP][PASSED] - name = "Jaka": null

2021-09-29 14:06:30 - [TEST_STEP][PASSED] - if (i % 4 == 0 && i % 5 == 0): null

2021-09-29 14:06:30 - [TEST_STEP][PASSED] - else if (i % 4 == 0): null

2021-09-29 14:06:30 - [TEST_STEP][PASSED] - else if (i % 3 == 0): null

2021-09-29 14:06:30 - [TEST_STEP][PASSED] - else if (i % 5 == 0): helper.helper.checkingExistingData is PASSED

2021-09-29 14:06:30 - [TEST_STEP][PASSED] - point = i * 5: null

2021-09-29 14:06:30 - [TEST_STEP][PASSED] - helper.helper.addDataMember(name, point.toString()): helper.helper.addDataMember is PASSED

2021-09-29 14:06:31 - [MESSAGE][PASSED] - Text 'Jaka' is set on object 'Object Repository/dashboard/form-sample-page/input-name'

2021-09-29 14:06:31 - [MESSAGE][PASSED] - Text '50' is set on object 'Object Repository/dashboard/form-sample-page/input-point'

2021-09-29 14:06:32 - [MESSAGE][PASSED] - Object: 'Object Repository/dashboard/form-sample-page/btn-submit' is clicked on

2021-09-29 14:06:32 - [MESSAGE][PASSED] - helper.helper.addDataMember is PASSED

2021-09-29 14:06:32 - [TEST_STEP][PASSED] - helper.helper.checkingExistingData("Name", name, "Poin", point.toString()): helper.helper.checkingExistingData is PASSED

2021-09-29 14:06:39 - [MESSAGE][PASSED] - helper.helper.checkingExistingData is PASSED

2021-09-29 14:06:39 - [TEST_STEP][PASSED] - if (i % 2 == 0): null

2021-09-29 14:06:39 - [TEST_STEP][PASSED] - else: helper.helper.checkingExistingData is PASSED

2021-09-29 14:06:39 - [TEST_STEP][PASSED] - name = "Susan": null

2021-09-29 14:06:39 - [TEST_STEP][PASSED] - if (i % 3 == 0 && i % 5 == 0): null

2021-09-29 14:06:39 - [TEST_STEP][PASSED] - else if (i % 3 == 0): null

2021-09-29 14:06:39 - [TEST_STEP][PASSED] - else if (i % 5 == 0): null

2021-09-29 14:06:39 - [TEST_STEP][PASSED] - else: helper.helper.checkingExistingData is PASSED

2021-09-29 14:06:39 - [TEST_STEP][PASSED] - point = i: null

2021-09-29 14:06:39 - [TEST_STEP][PASSED] - helper.helper.addDataMember(name, point.toString()): helper.helper.addDataMember is PASSED

2021-09-29 14:06:39 - [MESSAGE][PASSED] - Text 'Susan' is set on object 'Object Repository/dashboard/form-sample-page/input-name'

2021-09-29 14:06:40 - [MESSAGE][PASSED] - Text '11' is set on object 'Object Repository/dashboard/form-sample-page/input-point'

2021-09-29 14:06:40 - [MESSAGE][PASSED] - Object: 'Object Repository/dashboard/form-sample-page/btn-submit' is clicked on

2021-09-29 14:06:40 - [MESSAGE][PASSED] - helper.helper.addDataMember is PASSED

2021-09-29 14:06:40 - [TEST_STEP][PASSED] - helper.helper.checkingExistingData("Name", name, "Poin", point.toString()): helper.helper.checkingExistingData is PASSED

2021-09-29 14:06:48 - [MESSAGE][PASSED] - helper.helper.checkingExistingData is PASSED

2021-09-29 14:06:48 - [TEST_STEP][PASSED] - if (i % 2 == 0): helper.helper.checkingExistingData is PASSED

2021-09-29 14:06:48 - [TEST_STEP][PASSED] - name = "Jaka": null

2021-09-29 14:06:48 - [TEST_STEP][PASSED] - if (i % 4 == 0 && i % 5 == 0): null

2021-09-29 14:06:48 - [TEST_STEP][PASSED] - else if (i % 4 == 0): helper.helper.checkingExistingData is PASSED

2021-09-29 14:06:48 - [TEST_STEP][PASSED] - point = i * 4: null

2021-09-29 14:06:48 - [TEST_STEP][PASSED] - helper.helper.addDataMember(name, point.toString()): helper.helper.addDataMember is PASSED

2021-09-29 14:06:48 - [MESSAGE][PASSED] - Text 'Jaka' is set on object 'Object Repository/dashboard/form-sample-page/input-name'

2021-09-29 14:06:49 - [MESSAGE][PASSED] - Text '48' is set on object 'Object Repository/dashboard/form-sample-page/input-point'

2021-09-29 14:06:49 - [MESSAGE][PASSED] - Object: 'Object Repository/dashboard/form-sample-page/btn-submit' is clicked on

2021-09-29 14:06:49 - [MESSAGE][PASSED] - helper.helper.addDataMember is PASSED

2021-09-29 14:06:49 - [TEST_STEP][PASSED] - helper.helper.checkingExistingData("Name", name, "Poin", point.toString()): helper.helper.checkingExistingData is PASSED

2021-09-29 14:06:57 - [MESSAGE][PASSED] - helper.helper.checkingExistingData is PASSED

2021-09-29 14:06:57 - [TEST_STEP][PASSED] - if (i % 2 == 0): null

2021-09-29 14:06:57 - [TEST_STEP][PASSED] - else: helper.helper.checkingExistingData is PASSED

2021-09-29 14:06:57 - [TEST_STEP][PASSED] - name = "Susan": null

2021-09-29 14:06:57 - [TEST_STEP][PASSED] - if (i % 3 == 0 && i % 5 == 0): null

2021-09-29 14:06:57 - [TEST_STEP][PASSED] - else if (i % 3 == 0): null

2021-09-29 14:06:57 - [TEST_STEP][PASSED] - else if (i % 5 == 0): null

2021-09-29 14:06:57 - [TEST_STEP][PASSED] - else: helper.helper.checkingExistingData is PASSED

2021-09-29 14:06:57 - [TEST_STEP][PASSED] - point = i: null

2021-09-29 14:06:57 - [TEST_STEP][PASSED] - helper.helper.addDataMember(name, point.toString()): helper.helper.addDataMember is PASSED

2021-09-29 14:06:58 - [MESSAGE][PASSED] - Text 'Susan' is set on object 'Object Repository/dashboard/form-sample-page/input-name'

2021-09-29 14:06:58 - [MESSAGE][PASSED] - Text '13' is set on object 'Object Repository/dashboard/form-sample-page/input-point'

2021-09-29 14:06:59 - [MESSAGE][PASSED] - Object: 'Object Repository/dashboard/form-sample-page/btn-submit' is clicked on

2021-09-29 14:06:59 - [MESSAGE][PASSED] - helper.helper.addDataMember is PASSED

2021-09-29 14:06:59 - [TEST_STEP][PASSED] - helper.helper.checkingExistingData("Name", name, "Poin", point.toString()): helper.helper.checkingExistingData is PASSED

2021-09-29 14:07:07 - [MESSAGE][PASSED] - helper.helper.checkingExistingData is PASSED

2021-09-29 14:07:07 - [TEST_STEP][PASSED] - if (i % 2 == 0): helper.helper.checkingExistingData is PASSED

2021-09-29 14:07:07 - [TEST_STEP][PASSED] - name = "Jaka": null

2021-09-29 14:07:07 - [TEST_STEP][PASSED] - if (i % 4 == 0 && i % 5 == 0): null

2021-09-29 14:07:07 - [TEST_STEP][PASSED] - else if (i % 4 == 0): null

2021-09-29 14:07:07 - [TEST_STEP][PASSED] - else if (i % 3 == 0): null

2021-09-29 14:07:07 - [TEST_STEP][PASSED] - else if (i % 5 == 0): null

2021-09-29 14:07:07 - [TEST_STEP][PASSED] - else: helper.helper.checkingExistingData is PASSED

2021-09-29 14:07:07 - [TEST_STEP][PASSED] - point = i: null

2021-09-29 14:07:07 - [TEST_STEP][PASSED] - helper.helper.addDataMember(name, point.toString()): helper.helper.addDataMember is PASSED

2021-09-29 14:07:07 - [MESSAGE][PASSED] - Text 'Jaka' is set on object 'Object Repository/dashboard/form-sample-page/input-name'

2021-09-29 14:07:08 - [MESSAGE][PASSED] - Text '14' is set on object 'Object Repository/dashboard/form-sample-page/input-point'

2021-09-29 14:07:08 - [MESSAGE][PASSED] - Object: 'Object Repository/dashboard/form-sample-page/btn-submit' is clicked on

2021-09-29 14:07:08 - [MESSAGE][PASSED] - helper.helper.addDataMember is PASSED

2021-09-29 14:07:08 - [TEST_STEP][PASSED] - helper.helper.checkingExistingData("Name", name, "Poin", point.toString()): helper.helper.checkingExistingData is PASSED

2021-09-29 14:07:17 - [MESSAGE][PASSED] - helper.helper.checkingExistingData is PASSED

2021-09-29 14:07:17 - [TEST_STEP][PASSED] - if (i % 2 == 0): null

2021-09-29 14:07:17 - [TEST_STEP][PASSED] - else: helper.helper.checkingExistingData is PASSED

2021-09-29 14:07:17 - [TEST_STEP][PASSED] - name = "Susan": null

2021-09-29 14:07:17 - [TEST_STEP][PASSED] - if (i % 3 == 0 && i % 5 == 0): helper.helper.checkingExistingData is PASSED

2021-09-29 14:07:17 - [TEST_STEP][PASSED] - point = i * 3 * 5: null

2021-09-29 14:07:17 - [TEST_STEP][PASSED] - helper.helper.addDataMember(name, point.toString()): helper.helper.addDataMember is PASSED

2021-09-29 14:07:17 - [MESSAGE][PASSED] - Text 'Susan' is set on object 'Object Repository/dashboard/form-sample-page/input-name'

2021-09-29 14:07:18 - [MESSAGE][PASSED] - Text '225' is set on object 'Object Repository/dashboard/form-sample-page/input-point'

2021-09-29 14:07:18 - [MESSAGE][PASSED] - Object: 'Object Repository/dashboard/form-sample-page/btn-submit' is clicked on

2021-09-29 14:07:18 - [MESSAGE][PASSED] - helper.helper.addDataMember is PASSED

2021-09-29 14:07:18 - [TEST_STEP][PASSED] - helper.helper.checkingExistingData("Name", name, "Poin", point.toString()): helper.helper.checkingExistingData is PASSED

2021-09-29 14:07:27 - [MESSAGE][PASSED] - helper.helper.checkingExistingData is PASSED

2021-09-29 14:07:27 - [TEST_STEP][PASSED] - if (i % 2 == 0): helper.helper.checkingExistingData is PASSED

2021-09-29 14:07:27 - [TEST_STEP][PASSED] - name = "Jaka": null

2021-09-29 14:07:27 - [TEST_STEP][PASSED] - if (i % 4 == 0 && i % 5 == 0): null

2021-09-29 14:07:27 - [TEST_STEP][PASSED] - else if (i % 4 == 0): helper.helper.checkingExistingData is PASSED

2021-09-29 14:07:27 - [TEST_STEP][PASSED] - point = i * 4: null

2021-09-29 14:07:27 - [TEST_STEP][PASSED] - helper.helper.addDataMember(name, point.toString()): helper.helper.addDataMember is PASSED

2021-09-29 14:07:27 - [MESSAGE][PASSED] - Text 'Jaka' is set on object 'Object Repository/dashboard/form-sample-page/input-name'

2021-09-29 14:07:28 - [MESSAGE][PASSED] - Text '64' is set on object 'Object Repository/dashboard/form-sample-page/input-point'

2021-09-29 14:07:28 - [MESSAGE][PASSED] - Object: 'Object Repository/dashboard/form-sample-page/btn-submit' is clicked on

2021-09-29 14:07:28 - [MESSAGE][PASSED] - helper.helper.addDataMember is PASSED

2021-09-29 14:07:28 - [TEST_STEP][PASSED] - helper.helper.checkingExistingData("Name", name, "Poin", point.toString()): helper.helper.checkingExistingData is PASSED

2021-09-29 14:07:37 - [MESSAGE][PASSED] - helper.helper.checkingExistingData is PASSED

2021-09-29 14:07:37 - [TEST_STEP][PASSED] - if (i % 2 == 0): null

2021-09-29 14:07:37 - [TEST_STEP][PASSED] - else: helper.helper.checkingExistingData is PASSED

2021-09-29 14:07:37 - [TEST_STEP][PASSED] - name = "Susan": null

2021-09-29 14:07:37 - [TEST_STEP][PASSED] - if (i % 3 == 0 && i % 5 == 0): null

2021-09-29 14:07:37 - [TEST_STEP][PASSED] - else if (i % 3 == 0): null

2021-09-29 14:07:37 - [TEST_STEP][PASSED] - else if (i % 5 == 0): null

2021-09-29 14:07:37 - [TEST_STEP][PASSED] - else: helper.helper.checkingExistingData is PASSED

2021-09-29 14:07:37 - [TEST_STEP][PASSED] - point = i: null

2021-09-29 14:07:37 - [TEST_STEP][PASSED] - helper.helper.addDataMember(name, point.toString()): helper.helper.addDataMember is PASSED

2021-09-29 14:07:38 - [MESSAGE][PASSED] - Text 'Susan' is set on object 'Object Repository/dashboard/form-sample-page/input-name'

2021-09-29 14:07:39 - [MESSAGE][PASSED] - Text '17' is set on object 'Object Repository/dashboard/form-sample-page/input-point'

2021-09-29 14:07:39 - [MESSAGE][PASSED] - Object: 'Object Repository/dashboard/form-sample-page/btn-submit' is clicked on

2021-09-29 14:07:39 - [MESSAGE][PASSED] - helper.helper.addDataMember is PASSED

2021-09-29 14:07:39 - [TEST_STEP][PASSED] - helper.helper.checkingExistingData("Name", name, "Poin", point.toString()): helper.helper.checkingExistingData is PASSED

2021-09-29 14:07:48 - [MESSAGE][PASSED] - helper.helper.checkingExistingData is PASSED

2021-09-29 14:07:48 - [TEST_STEP][PASSED] - if (i % 2 == 0): helper.helper.checkingExistingData is PASSED

2021-09-29 14:07:48 - [TEST_STEP][PASSED] - name = "Jaka": null

2021-09-29 14:07:48 - [TEST_STEP][PASSED] - if (i % 4 == 0 && i % 5 == 0): null

2021-09-29 14:07:48 - [TEST_STEP][PASSED] - else if (i % 4 == 0): null

2021-09-29 14:07:48 - [TEST_STEP][PASSED] - else if (i % 3 == 0): helper.helper.checkingExistingData is PASSED

2021-09-29 14:07:48 - [TEST_STEP][PASSED] - point = i * 3: null

2021-09-29 14:07:48 - [TEST_STEP][PASSED] - helper.helper.addDataMember(name, point.toString()): helper.helper.addDataMember is PASSED

2021-09-29 14:07:49 - [MESSAGE][PASSED] - Text 'Jaka' is set on object 'Object Repository/dashboard/form-sample-page/input-name'

2021-09-29 14:07:49 - [MESSAGE][PASSED] - Text '54' is set on object 'Object Repository/dashboard/form-sample-page/input-point'

2021-09-29 14:07:50 - [MESSAGE][PASSED] - Object: 'Object Repository/dashboard/form-sample-page/btn-submit' is clicked on

2021-09-29 14:07:50 - [MESSAGE][PASSED] - helper.helper.addDataMember is PASSED

2021-09-29 14:07:50 - [TEST_STEP][PASSED] - helper.helper.checkingExistingData("Name", name, "Poin", point.toString()): helper.helper.checkingExistingData is PASSED

2021-09-29 14:07:59 - [MESSAGE][PASSED] - helper.helper.checkingExistingData is PASSED

2021-09-29 14:07:59 - [TEST_STEP][PASSED] - if (i % 2 == 0): null

2021-09-29 14:07:59 - [TEST_STEP][PASSED] - else: helper.helper.checkingExistingData is PASSED

2021-09-29 14:07:59 - [TEST_STEP][PASSED] - name = "Susan": null

2021-09-29 14:07:59 - [TEST_STEP][PASSED] - if (i % 3 == 0 && i % 5 == 0): null

2021-09-29 14:07:59 - [TEST_STEP][PASSED] - else if (i % 3 == 0): null

2021-09-29 14:07:59 - [TEST_STEP][PASSED] - else if (i % 5 == 0): null

2021-09-29 14:07:59 - [TEST_STEP][PASSED] - else: helper.helper.checkingExistingData is PASSED

2021-09-29 14:07:59 - [TEST_STEP][PASSED] - point = i: null

2021-09-29 14:07:59 - [TEST_STEP][PASSED] - helper.helper.addDataMember(name, point.toString()): helper.helper.addDataMember is PASSED

2021-09-29 14:08:00 - [MESSAGE][PASSED] - Text 'Susan' is set on object 'Object Repository/dashboard/form-sample-page/input-name'

2021-09-29 14:08:01 - [MESSAGE][PASSED] - Text '19' is set on object 'Object Repository/dashboard/form-sample-page/input-point'

2021-09-29 14:08:01 - [MESSAGE][PASSED] - Object: 'Object Repository/dashboard/form-sample-page/btn-submit' is clicked on

2021-09-29 14:08:01 - [MESSAGE][PASSED] - helper.helper.addDataMember is PASSED

2021-09-29 14:08:01 - [TEST_STEP][PASSED] - helper.helper.checkingExistingData("Name", name, "Poin", point.toString()): helper.helper.checkingExistingData is PASSED

2021-09-29 14:08:11 - [MESSAGE][PASSED] - helper.helper.checkingExistingData is PASSED

2021-09-29 14:08:11 - [TEST_STEP][PASSED] - if (i % 2 == 0): helper.helper.checkingExistingData is PASSED

2021-09-29 14:08:11 - [TEST_STEP][PASSED] - name = "Jaka": null

2021-09-29 14:08:11 - [TEST_STEP][PASSED] - if (i % 4 == 0 && i % 5 == 0): helper.helper.checkingExistingData is PASSED

2021-09-29 14:08:11 - [TEST_STEP][PASSED] - point = i * 4 * 5: null

2021-09-29 14:08:11 - [TEST_STEP][PASSED] - helper.helper.addDataMember(name, point.toString()): helper.helper.addDataMember is PASSED

2021-09-29 14:08:11 - [MESSAGE][PASSED] - Text 'Jaka' is set on object 'Object Repository/dashboard/form-sample-page/input-name'

2021-09-29 14:08:12 - [MESSAGE][PASSED] - Text '400' is set on object 'Object Repository/dashboard/form-sample-page/input-point'

2021-09-29 14:08:12 - [MESSAGE][PASSED] - Object: 'Object Repository/dashboard/form-sample-page/btn-submit' is clicked on

2021-09-29 14:08:12 - [MESSAGE][PASSED] - helper.helper.addDataMember is PASSED

2021-09-29 14:08:12 - [TEST_STEP][PASSED] - helper.helper.checkingExistingData("Name", name, "Poin", point.toString()): helper.helper.checkingExistingData is PASSED

2021-09-29 14:08:23 - [MESSAGE][PASSED] - helper.helper.checkingExistingData is PASSED

2021-09-29 14:08:25 - [TEST_STEP][PASSED] - Video: Video recording for test case 'Test Cases/TC_005_ADD Member 20 times using conditional' .

2021-09-29 14:08:25 - [MESSAGE][INFO] - Video recording for test case 'Test Cases/TC_005_ADD Member 20 times using conditional' .]]></system-out>
         <system-err><![CDATA[]]></system-err>
      </testcase>
      <testcase name="Test Cases/TC_006_Delete_Data" time="11.237" classname="Test Cases/TC_006_Delete_Data" status="ERROR">
         <error type="ERROR" message="Test Cases/TC_006_Delete_Data FAILED.
Reason:
org.codehaus.groovy.runtime.InvokerInvocationException: Assertion failed: 

assert isExist == false
       |       |
       true    false

	at helper.helper.invokeMethod(helper.groovy)
	at com.kms.katalon.core.main.CustomKeywordDelegatingMetaClass.invokeStaticMethod(CustomKeywordDelegatingMetaClass.java:50)
	at TC_006_Delete_Data.run(TC_006_Delete_Data:25)
	at com.kms.katalon.core.main.ScriptEngine.run(ScriptEngine.java:194)
	at com.kms.katalon.core.main.ScriptEngine.runScriptAsRawText(ScriptEngine.java:119)
	at com.kms.katalon.core.main.TestCaseExecutor.runScript(TestCaseExecutor.java:430)
	at com.kms.katalon.core.main.TestCaseExecutor.doExecute(TestCaseExecutor.java:421)
	at com.kms.katalon.core.main.TestCaseExecutor.processExecutionPhase(TestCaseExecutor.java:400)
	at com.kms.katalon.core.main.TestCaseExecutor.accessMainPhase(TestCaseExecutor.java:392)
	at com.kms.katalon.core.main.TestCaseExecutor.execute(TestCaseExecutor.java:273)
	at com.kms.katalon.core.main.TestSuiteExecutor.accessTestCaseMainPhase(TestSuiteExecutor.java:202)
	at com.kms.katalon.core.main.TestSuiteExecutor.accessTestSuiteMainPhase(TestSuiteExecutor.java:164)
	at com.kms.katalon.core.main.TestSuiteExecutor.execute(TestSuiteExecutor.java:105)
	at com.kms.katalon.core.main.TestCaseMain.startTestSuite(TestCaseMain.java:185)
	at com.kms.katalon.core.main.TestCaseMain$startTestSuite$0.call(Unknown Source)
	at TempTestSuite1632899055819.run(TempTestSuite1632899055819.groovy:36)
Caused by: Assertion failed: 

assert isExist == false
       |       |
       true    false

	at helper.helper.deleteDataMember(helper.groovy:198)
	... 16 more
"/>
         <system-out><![CDATA[2021-09-29 14:08:25 - [TEST_CASE][ERROR] - Test Cases/TC_006_Delete_Data: Test Cases/TC_006_Delete_Data FAILED.
Reason:
org.codehaus.groovy.runtime.InvokerInvocationException: Assertion failed: 

assert isExist == false
       |       |
       true    false

	at helper.helper.invokeMethod(helper.groovy)
	at com.kms.katalon.core.main.CustomKeywordDelegatingMetaClass.invokeStaticMethod(CustomKeywordDelegatingMetaClass.java:50)
	at TC_006_Delete_Data.run(TC_006_Delete_Data:25)
	at com.kms.katalon.core.main.ScriptEngine.run(ScriptEngine.java:194)
	at com.kms.katalon.core.main.ScriptEngine.runScriptAsRawText(ScriptEngine.java:119)
	at com.kms.katalon.core.main.TestCaseExecutor.runScript(TestCaseExecutor.java:430)
	at com.kms.katalon.core.main.TestCaseExecutor.doExecute(TestCaseExecutor.java:421)
	at com.kms.katalon.core.main.TestCaseExecutor.processExecutionPhase(TestCaseExecutor.java:400)
	at com.kms.katalon.core.main.TestCaseExecutor.accessMainPhase(TestCaseExecutor.java:392)
	at com.kms.katalon.core.main.TestCaseExecutor.execute(TestCaseExecutor.java:273)
	at com.kms.katalon.core.main.TestSuiteExecutor.accessTestCaseMainPhase(TestSuiteExecutor.java:202)
	at com.kms.katalon.core.main.TestSuiteExecutor.accessTestSuiteMainPhase(TestSuiteExecutor.java:164)
	at com.kms.katalon.core.main.TestSuiteExecutor.execute(TestSuiteExecutor.java:105)
	at com.kms.katalon.core.main.TestCaseMain.startTestSuite(TestCaseMain.java:185)
	at com.kms.katalon.core.main.TestCaseMain$startTestSuite$0.call(Unknown Source)
	at TempTestSuite1632899055819.run(TempTestSuite1632899055819.groovy:36)
Caused by: Assertion failed: 

assert isExist == false
       |       |
       true    false

	at helper.helper.deleteDataMember(helper.groovy:198)
	... 16 more


2021-09-29 14:08:25 - [TEST_STEP][PASSED] - memberList = tmpData: null

2021-09-29 14:08:25 - [TEST_STEP][FAILED] - for (def data : memberList): Test Cases/TC_006_Delete_Data FAILED.
Reason:
Assertion failed: 

assert isExist == false
       |       |
       true    false

	at helper.helper.deleteDataMember(helper.groovy:198)
	at helper.helper.invokeMethod(helper.groovy)
	at com.kms.katalon.core.main.CustomKeywordDelegatingMetaClass.invokeStaticMethod(CustomKeywordDelegatingMetaClass.java:50)
	at TC_006_Delete_Data.run(TC_006_Delete_Data:25)
	at com.kms.katalon.core.main.ScriptEngine.run(ScriptEngine.java:194)
	at com.kms.katalon.core.main.ScriptEngine.runScriptAsRawText(ScriptEngine.java:119)
	at com.kms.katalon.core.main.TestCaseExecutor.runScript(TestCaseExecutor.java:430)
	at com.kms.katalon.core.main.TestCaseExecutor.doExecute(TestCaseExecutor.java:421)
	at com.kms.katalon.core.main.TestCaseExecutor.processExecutionPhase(TestCaseExecutor.java:400)
	at com.kms.katalon.core.main.TestCaseExecutor.accessMainPhase(TestCaseExecutor.java:392)
	at com.kms.katalon.core.main.TestCaseExecutor.execute(TestCaseExecutor.java:273)
	at com.kms.katalon.core.main.TestSuiteExecutor.accessTestCaseMainPhase(TestSuiteExecutor.java:202)
	at com.kms.katalon.core.main.TestSuiteExecutor.accessTestSuiteMainPhase(TestSuiteExecutor.java:164)
	at com.kms.katalon.core.main.TestSuiteExecutor.execute(TestSuiteExecutor.java:105)
	at com.kms.katalon.core.main.TestCaseMain.startTestSuite(TestCaseMain.java:185)
	at com.kms.katalon.core.main.TestCaseMain$startTestSuite$0.call(Unknown Source)
	at TempTestSuite1632899055819.run(TempTestSuite1632899055819.groovy:36)


2021-09-29 14:08:25 - [TEST_STEP][FAILED] - helper.helper.deleteDataMember(data[0], data[1]): Test Cases/TC_006_Delete_Data FAILED.
Reason:
Assertion failed: 

assert isExist == false
       |       |
       true    false

	at helper.helper.deleteDataMember(helper.groovy:198)
	at helper.helper.invokeMethod(helper.groovy)
	at com.kms.katalon.core.main.CustomKeywordDelegatingMetaClass.invokeStaticMethod(CustomKeywordDelegatingMetaClass.java:50)
	at TC_006_Delete_Data.run(TC_006_Delete_Data:25)
	at com.kms.katalon.core.main.ScriptEngine.run(ScriptEngine.java:194)
	at com.kms.katalon.core.main.ScriptEngine.runScriptAsRawText(ScriptEngine.java:119)
	at com.kms.katalon.core.main.TestCaseExecutor.runScript(TestCaseExecutor.java:430)
	at com.kms.katalon.core.main.TestCaseExecutor.doExecute(TestCaseExecutor.java:421)
	at com.kms.katalon.core.main.TestCaseExecutor.processExecutionPhase(TestCaseExecutor.java:400)
	at com.kms.katalon.core.main.TestCaseExecutor.accessMainPhase(TestCaseExecutor.java:392)
	at com.kms.katalon.core.main.TestCaseExecutor.execute(TestCaseExecutor.java:273)
	at com.kms.katalon.core.main.TestSuiteExecutor.accessTestCaseMainPhase(TestSuiteExecutor.java:202)
	at com.kms.katalon.core.main.TestSuiteExecutor.accessTestSuiteMainPhase(TestSuiteExecutor.java:164)
	at com.kms.katalon.core.main.TestSuiteExecutor.execute(TestSuiteExecutor.java:105)
	at com.kms.katalon.core.main.TestCaseMain.startTestSuite(TestCaseMain.java:185)
	at com.kms.katalon.core.main.TestCaseMain$startTestSuite$0.call(Unknown Source)
	at TempTestSuite1632899055819.run(TempTestSuite1632899055819.groovy:36)


2021-09-29 14:08:34 - [MESSAGE][FAILED] - Assertion failed: 

assert isExist == false
       |       |
       true    false


2021-09-29 14:08:34 - [MESSAGE][FAILED] - Test Cases/TC_006_Delete_Data FAILED.
Reason:
Assertion failed: 

assert isExist == false
       |       |
       true    false

	at helper.helper.deleteDataMember(helper.groovy:198)
	at helper.helper.invokeMethod(helper.groovy)
	at com.kms.katalon.core.main.CustomKeywordDelegatingMetaClass.invokeStaticMethod(CustomKeywordDelegatingMetaClass.java:50)
	at TC_006_Delete_Data.run(TC_006_Delete_Data:25)
	at com.kms.katalon.core.main.ScriptEngine.run(ScriptEngine.java:194)
	at com.kms.katalon.core.main.ScriptEngine.runScriptAsRawText(ScriptEngine.java:119)
	at com.kms.katalon.core.main.TestCaseExecutor.runScript(TestCaseExecutor.java:430)
	at com.kms.katalon.core.main.TestCaseExecutor.doExecute(TestCaseExecutor.java:421)
	at com.kms.katalon.core.main.TestCaseExecutor.processExecutionPhase(TestCaseExecutor.java:400)
	at com.kms.katalon.core.main.TestCaseExecutor.accessMainPhase(TestCaseExecutor.java:392)
	at com.kms.katalon.core.main.TestCaseExecutor.execute(TestCaseExecutor.java:273)
	at com.kms.katalon.core.main.TestSuiteExecutor.accessTestCaseMainPhase(TestSuiteExecutor.java:202)
	at com.kms.katalon.core.main.TestSuiteExecutor.accessTestSuiteMainPhase(TestSuiteExecutor.java:164)
	at com.kms.katalon.core.main.TestSuiteExecutor.execute(TestSuiteExecutor.java:105)
	at com.kms.katalon.core.main.TestCaseMain.startTestSuite(TestCaseMain.java:185)
	at com.kms.katalon.core.main.TestCaseMain$startTestSuite$0.call(Unknown Source)
	at TempTestSuite1632899055819.run(TempTestSuite1632899055819.groovy:36)


2021-09-29 14:08:36 - [TEST_STEP][PASSED] - Video: Video recording for test case 'Test Cases/TC_006_Delete_Data' .

2021-09-29 14:08:36 - [MESSAGE][INFO] - Video recording for test case 'Test Cases/TC_006_Delete_Data' .]]></system-out>
         <system-err><![CDATA[2021-09-29 14:08:25 - [TEST_CASE][ERROR] - Test Cases/TC_006_Delete_Data: Test Cases/TC_006_Delete_Data FAILED.
Reason:
org.codehaus.groovy.runtime.InvokerInvocationException: Assertion failed: 

assert isExist == false
       |       |
       true    false

	at helper.helper.invokeMethod(helper.groovy)
	at com.kms.katalon.core.main.CustomKeywordDelegatingMetaClass.invokeStaticMethod(CustomKeywordDelegatingMetaClass.java:50)
	at TC_006_Delete_Data.run(TC_006_Delete_Data:25)
	at com.kms.katalon.core.main.ScriptEngine.run(ScriptEngine.java:194)
	at com.kms.katalon.core.main.ScriptEngine.runScriptAsRawText(ScriptEngine.java:119)
	at com.kms.katalon.core.main.TestCaseExecutor.runScript(TestCaseExecutor.java:430)
	at com.kms.katalon.core.main.TestCaseExecutor.doExecute(TestCaseExecutor.java:421)
	at com.kms.katalon.core.main.TestCaseExecutor.processExecutionPhase(TestCaseExecutor.java:400)
	at com.kms.katalon.core.main.TestCaseExecutor.accessMainPhase(TestCaseExecutor.java:392)
	at com.kms.katalon.core.main.TestCaseExecutor.execute(TestCaseExecutor.java:273)
	at com.kms.katalon.core.main.TestSuiteExecutor.accessTestCaseMainPhase(TestSuiteExecutor.java:202)
	at com.kms.katalon.core.main.TestSuiteExecutor.accessTestSuiteMainPhase(TestSuiteExecutor.java:164)
	at com.kms.katalon.core.main.TestSuiteExecutor.execute(TestSuiteExecutor.java:105)
	at com.kms.katalon.core.main.TestCaseMain.startTestSuite(TestCaseMain.java:185)
	at com.kms.katalon.core.main.TestCaseMain$startTestSuite$0.call(Unknown Source)
	at TempTestSuite1632899055819.run(TempTestSuite1632899055819.groovy:36)
Caused by: Assertion failed: 

assert isExist == false
       |       |
       true    false

	at helper.helper.deleteDataMember(helper.groovy:198)
	... 16 more]]></system-err>
      </testcase>
      <testcase name="Test Cases/add data using excel test data" time="36.717" classname="Test Cases/add data using excel test data" status="PASSED">
         <system-out><![CDATA[2021-09-29 14:08:36 - [TEST_CASE][PASSED] - Test Cases/add data using excel test data: Test Cases/add data using excel test data

2021-09-29 14:08:36 - [TEST_STEP][PASSED] - openBrowser("http://116.254.100.222:81/login"): Browser is opened with url: 'http://116.254.100.222:81/login'

2021-09-29 14:08:36 - [MESSAGE][WARNING] - A browser is already opened. Closing browser and opening a new one

2021-09-29 14:08:37 - [MESSAGE][INFO] - Starting 'Chrome' driver

2021-09-29 14:08:37 - [MESSAGE][INFO] - Action delay is set to 0 milliseconds

2021-09-29 14:08:39 - [MESSAGE][PASSED] - Browser is opened with url: 'http://116.254.100.222:81/login'

2021-09-29 14:08:39 - [TEST_STEP][PASSED] - helper.helper.loginBrowser("rocky@gmail.com", "rocky182"): helper.helper.loginBrowser is PASSED

2021-09-29 14:08:40 - [MESSAGE][PASSED] - Text 'rocky@gmail.com' is set on object 'Object Repository/loginpage/input-email'

2021-09-29 14:08:41 - [MESSAGE][PASSED] - Text 'rocky182' is set on object 'Object Repository/loginpage/input_password'

2021-09-29 14:08:44 - [MESSAGE][PASSED] - Object: 'Object Repository/loginpage/btn-login' is clicked on

2021-09-29 14:08:44 - [MESSAGE][PASSED] - helper.helper.loginBrowser is PASSED

2021-09-29 14:08:44 - [TEST_STEP][PASSED] - dataExcel = findTestData("ExcelData"): null

2021-09-29 14:08:45 - [TEST_STEP][PASSED] - excelRowNumber = findTestData("ExcelData").getRowNumbers(): null

2021-09-29 14:08:45 - [TEST_STEP][PASSED] - for ([rowCounter = 1, rowCounter < excelRowNumber, (rowCounter++)]): helper.helper.checkingExistingData is PASSED

2021-09-29 14:08:45 - [TEST_STEP][PASSED] - getName = dataExcel.getValue("Nama", rowCounter): null

2021-09-29 14:08:45 - [TEST_STEP][PASSED] - getJob = dataExcel.getValue("Job", rowCounter): null

2021-09-29 14:08:45 - [TEST_STEP][PASSED] - getPoint = dataExcel.getValue("No", rowCounter): null

2021-09-29 14:08:45 - [TEST_STEP][PASSED] - helper.helper.addDataMember(getName + "_" + getJob, getPoint): helper.helper.addDataMember is PASSED

2021-09-29 14:08:45 - [MESSAGE][PASSED] - Text 'Freddy_Leader' is set on object 'Object Repository/dashboard/form-sample-page/input-name'

2021-09-29 14:08:46 - [MESSAGE][PASSED] - Text '1' is set on object 'Object Repository/dashboard/form-sample-page/input-point'

2021-09-29 14:08:46 - [MESSAGE][PASSED] - Object: 'Object Repository/dashboard/form-sample-page/btn-submit' is clicked on

2021-09-29 14:08:46 - [MESSAGE][PASSED] - helper.helper.addDataMember is PASSED

2021-09-29 14:08:46 - [TEST_STEP][PASSED] - helper.helper.checkingExistingData("Name", getName + "_" + getJob, "Poin", getPoint): helper.helper.checkingExistingData is PASSED

2021-09-29 14:08:51 - [MESSAGE][PASSED] - helper.helper.checkingExistingData is PASSED

2021-09-29 14:08:51 - [TEST_STEP][PASSED] - getName = dataExcel.getValue("Nama", rowCounter): null

2021-09-29 14:08:51 - [TEST_STEP][PASSED] - getJob = dataExcel.getValue("Job", rowCounter): null

2021-09-29 14:08:51 - [TEST_STEP][PASSED] - getPoint = dataExcel.getValue("No", rowCounter): null

2021-09-29 14:08:51 - [TEST_STEP][PASSED] - helper.helper.addDataMember(getName + "_" + getJob, getPoint): helper.helper.addDataMember is PASSED

2021-09-29 14:08:52 - [MESSAGE][PASSED] - Text 'Rizky_Programmer' is set on object 'Object Repository/dashboard/form-sample-page/input-name'

2021-09-29 14:08:52 - [MESSAGE][PASSED] - Text '2' is set on object 'Object Repository/dashboard/form-sample-page/input-point'

2021-09-29 14:08:53 - [MESSAGE][PASSED] - Object: 'Object Repository/dashboard/form-sample-page/btn-submit' is clicked on

2021-09-29 14:08:53 - [MESSAGE][PASSED] - helper.helper.addDataMember is PASSED

2021-09-29 14:08:53 - [TEST_STEP][PASSED] - helper.helper.checkingExistingData("Name", getName + "_" + getJob, "Poin", getPoint): helper.helper.checkingExistingData is PASSED

2021-09-29 14:08:57 - [MESSAGE][PASSED] - helper.helper.checkingExistingData is PASSED

2021-09-29 14:08:57 - [TEST_STEP][PASSED] - getName = dataExcel.getValue("Nama", rowCounter): null

2021-09-29 14:08:57 - [TEST_STEP][PASSED] - getJob = dataExcel.getValue("Job", rowCounter): null

2021-09-29 14:08:57 - [TEST_STEP][PASSED] - getPoint = dataExcel.getValue("No", rowCounter): null

2021-09-29 14:08:57 - [TEST_STEP][PASSED] - helper.helper.addDataMember(getName + "_" + getJob, getPoint): helper.helper.addDataMember is PASSED

2021-09-29 14:08:58 - [MESSAGE][PASSED] - Text 'Alfred_System Analyst' is set on object 'Object Repository/dashboard/form-sample-page/input-name'

2021-09-29 14:08:59 - [MESSAGE][PASSED] - Text '3' is set on object 'Object Repository/dashboard/form-sample-page/input-point'

2021-09-29 14:08:59 - [MESSAGE][PASSED] - Object: 'Object Repository/dashboard/form-sample-page/btn-submit' is clicked on

2021-09-29 14:08:59 - [MESSAGE][PASSED] - helper.helper.addDataMember is PASSED

2021-09-29 14:08:59 - [TEST_STEP][PASSED] - helper.helper.checkingExistingData("Name", getName + "_" + getJob, "Poin", getPoint): helper.helper.checkingExistingData is PASSED

2021-09-29 14:09:04 - [MESSAGE][PASSED] - helper.helper.checkingExistingData is PASSED

2021-09-29 14:09:04 - [TEST_STEP][PASSED] - getName = dataExcel.getValue("Nama", rowCounter): null

2021-09-29 14:09:04 - [TEST_STEP][PASSED] - getJob = dataExcel.getValue("Job", rowCounter): null

2021-09-29 14:09:04 - [TEST_STEP][PASSED] - getPoint = dataExcel.getValue("No", rowCounter): null

2021-09-29 14:09:04 - [TEST_STEP][PASSED] - helper.helper.addDataMember(getName + "_" + getJob, getPoint): helper.helper.addDataMember is PASSED

2021-09-29 14:09:04 - [MESSAGE][PASSED] - Text 'Faiz_Quality Assurance' is set on object 'Object Repository/dashboard/form-sample-page/input-name'

2021-09-29 14:09:05 - [MESSAGE][PASSED] - Text '4' is set on object 'Object Repository/dashboard/form-sample-page/input-point'

2021-09-29 14:09:05 - [MESSAGE][PASSED] - Object: 'Object Repository/dashboard/form-sample-page/btn-submit' is clicked on

2021-09-29 14:09:05 - [MESSAGE][PASSED] - helper.helper.addDataMember is PASSED

2021-09-29 14:09:05 - [TEST_STEP][PASSED] - helper.helper.checkingExistingData("Name", getName + "_" + getJob, "Poin", getPoint): helper.helper.checkingExistingData is PASSED

2021-09-29 14:09:11 - [MESSAGE][PASSED] - helper.helper.checkingExistingData is PASSED

2021-09-29 14:09:13 - [TEST_STEP][PASSED] - Video: Video recording for test case 'Test Cases/add data using excel test data' .

2021-09-29 14:09:13 - [MESSAGE][INFO] - Video recording for test case 'Test Cases/add data using excel test data' .]]></system-out>
         <system-err><![CDATA[]]></system-err>
      </testcase>
      <system-out><![CDATA[2021-09-29 14:04:34 - [TEST_SUITE][FAILED] - Scenario_indocyber: Test Cases/order-menu FAILED.
Reason:
com.kms.katalon.core.exception.StepFailedException: Unable to click on object 'Object Repository/orderPage/form-order/input-phone'
	at com.kms.katalon.core.webui.keyword.internal.WebUIKeywordMain.stepFailed(WebUIKeywordMain.groovy:64)
	at com.kms.katalon.core.webui.keyword.internal.WebUIKeywordMain.runKeyword(WebUIKeywordMain.groovy:26)
	at com.kms.katalon.core.webui.keyword.builtin.ClickKeyword.click(ClickKeyword.groovy:75)
	at com.kms.katalon.core.webui.keyword.builtin.ClickKeyword.execute(ClickKeyword.groovy:42)
	at com.kms.katalon.core.keyword.internal.KeywordExecutor.executeKeywordForPlatform(KeywordExecutor.groovy:74)
	at com.kms.katalon.core.webui.keyword.WebUiBuiltInKeywords.click(WebUiBuiltInKeywords.groovy:620)
	at com.kms.katalon.core.webui.keyword.WebUiBuiltInKeywords$click$2.call(Unknown Source)
	at order-menu.run(order-menu:49)
	at com.kms.katalon.core.main.ScriptEngine.run(ScriptEngine.java:194)
	at com.kms.katalon.core.main.ScriptEngine.runScriptAsRawText(ScriptEngine.java:119)
	at com.kms.katalon.core.main.TestCaseExecutor.runScript(TestCaseExecutor.java:430)
	at com.kms.katalon.core.main.TestCaseExecutor.doExecute(TestCaseExecutor.java:421)
	at com.kms.katalon.core.main.TestCaseExecutor.processExecutionPhase(TestCaseExecutor.java:400)
	at com.kms.katalon.core.main.TestCaseExecutor.accessMainPhase(TestCaseExecutor.java:392)
	at com.kms.katalon.core.main.TestCaseExecutor.execute(TestCaseExecutor.java:273)
	at com.kms.katalon.core.main.TestSuiteExecutor.accessTestCaseMainPhase(TestSuiteExecutor.java:202)
	at com.kms.katalon.core.main.TestSuiteExecutor.accessTestSuiteMainPhase(TestSuiteExecutor.java:164)
	at com.kms.katalon.core.main.TestSuiteExecutor.execute(TestSuiteExecutor.java:105)
	at com.kms.katalon.core.main.TestCaseMain.startTestSuite(TestCaseMain.java:185)
	at com.kms.katalon.core.main.TestCaseMain$startTestSuite$0.call(Unknown Source)
	at TempTestSuite1632899055819.run(TempTestSuite1632899055819.groovy:36)
Caused by: org.openqa.selenium.ElementNotInteractableException: element not interactable
  (Session info: chrome=93.0.4577.82)
Build info: version: '3.141.59', revision: 'e82be7d358', time: '2018-11-14T08:25:53'
System info: host: 'MSI', ip: '192.168.0.113', os.name: 'Windows 10', os.arch: 'amd64', os.version: '10.0', java.version: '1.8.0_282'
Driver info: com.kms.katalon.selenium.driver.CChromeDriver
Capabilities {acceptInsecureCerts: false, browserName: chrome, browserVersion: 93.0.4577.82, chrome: {chromedriverVersion: 92.0.4515.43 (8c61b7e2989f2..., userDataDir: C:\Users\rocky\AppData\Loca...}, goog:chromeOptions: {debuggerAddress: localhost:55664}, javascriptEnabled: true, networkConnectionEnabled: false, pageLoadStrategy: normal, platform: WINDOWS, platformName: WINDOWS, proxy: Proxy(), setWindowRect: true, strictFileInteractability: false, timeouts: {implicit: 0, pageLoad: 300000, script: 30000}, unhandledPromptBehavior: dismiss and notify, webauthn:extension:credBlob: true, webauthn:extension:largeBlob: true, webauthn:virtualAuthenticators: true}
Session ID: cc8a6831e521599af5f91bbf31b8bc34
	at org.openqa.selenium.remote.http.W3CHttpResponseCodec.createException(W3CHttpResponseCodec.java:187)
	at org.openqa.selenium.remote.http.W3CHttpResponseCodec.decode(W3CHttpResponseCodec.java:122)
	at org.openqa.selenium.remote.http.W3CHttpResponseCodec.decode(W3CHttpResponseCodec.java:49)
	at org.openqa.selenium.remote.HttpCommandExecutor.execute(HttpCommandExecutor.java:158)
	at org.openqa.selenium.remote.service.DriverCommandExecutor.execute(DriverCommandExecutor.java:83)
	at org.openqa.selenium.remote.RemoteWebDriver.execute(RemoteWebDriver.java:552)
	at com.kms.katalon.selenium.driver.CChromeDriver.execute(CChromeDriver.java:19)
	at org.openqa.selenium.remote.RemoteWebElement.execute(RemoteWebElement.java:285)
	at org.openqa.selenium.remote.RemoteWebElement.click(RemoteWebElement.java:84)
	at org.openqa.selenium.support.events.EventFiringWebDriver$EventFiringWebElement.lambda$new$0(EventFiringWebDriver.java:404)
	at com.sun.proxy.$Proxy11.click(Unknown Source)
	at org.openqa.selenium.support.events.EventFiringWebDriver$EventFiringWebElement.click(EventFiringWebDriver.java:417)
	at com.kms.katalon.core.webui.keyword.builtin.ClickKeyword$_click_closure1.doCall(ClickKeyword.groovy:68)
	at com.kms.katalon.core.webui.keyword.builtin.ClickKeyword$_click_closure1.call(ClickKeyword.groovy)
	at com.kms.katalon.core.webui.keyword.internal.WebUIKeywordMain.runKeyword(WebUIKeywordMain.groovy:20)
	... 19 more]]></system-out>
      <system-err><![CDATA[2021-09-29 14:04:34 - [TEST_SUITE][FAILED] - Scenario_indocyber: Test Cases/order-menu FAILED.
Reason:
com.kms.katalon.core.exception.StepFailedException: Unable to click on object 'Object Repository/orderPage/form-order/input-phone'
	at com.kms.katalon.core.webui.keyword.internal.WebUIKeywordMain.stepFailed(WebUIKeywordMain.groovy:64)
	at com.kms.katalon.core.webui.keyword.internal.WebUIKeywordMain.runKeyword(WebUIKeywordMain.groovy:26)
	at com.kms.katalon.core.webui.keyword.builtin.ClickKeyword.click(ClickKeyword.groovy:75)
	at com.kms.katalon.core.webui.keyword.builtin.ClickKeyword.execute(ClickKeyword.groovy:42)
	at com.kms.katalon.core.keyword.internal.KeywordExecutor.executeKeywordForPlatform(KeywordExecutor.groovy:74)
	at com.kms.katalon.core.webui.keyword.WebUiBuiltInKeywords.click(WebUiBuiltInKeywords.groovy:620)
	at com.kms.katalon.core.webui.keyword.WebUiBuiltInKeywords$click$2.call(Unknown Source)
	at order-menu.run(order-menu:49)
	at com.kms.katalon.core.main.ScriptEngine.run(ScriptEngine.java:194)
	at com.kms.katalon.core.main.ScriptEngine.runScriptAsRawText(ScriptEngine.java:119)
	at com.kms.katalon.core.main.TestCaseExecutor.runScript(TestCaseExecutor.java:430)
	at com.kms.katalon.core.main.TestCaseExecutor.doExecute(TestCaseExecutor.java:421)
	at com.kms.katalon.core.main.TestCaseExecutor.processExecutionPhase(TestCaseExecutor.java:400)
	at com.kms.katalon.core.main.TestCaseExecutor.accessMainPhase(TestCaseExecutor.java:392)
	at com.kms.katalon.core.main.TestCaseExecutor.execute(TestCaseExecutor.java:273)
	at com.kms.katalon.core.main.TestSuiteExecutor.accessTestCaseMainPhase(TestSuiteExecutor.java:202)
	at com.kms.katalon.core.main.TestSuiteExecutor.accessTestSuiteMainPhase(TestSuiteExecutor.java:164)
	at com.kms.katalon.core.main.TestSuiteExecutor.execute(TestSuiteExecutor.java:105)
	at com.kms.katalon.core.main.TestCaseMain.startTestSuite(TestCaseMain.java:185)
	at com.kms.katalon.core.main.TestCaseMain$startTestSuite$0.call(Unknown Source)
	at TempTestSuite1632899055819.run(TempTestSuite1632899055819.groovy:36)
Caused by: org.openqa.selenium.ElementNotInteractableException: element not interactable
  (Session info: chrome=93.0.4577.82)
Build info: version: '3.141.59', revision: 'e82be7d358', time: '2018-11-14T08:25:53'
System info: host: 'MSI', ip: '192.168.0.113', os.name: 'Windows 10', os.arch: 'amd64', os.version: '10.0', java.version: '1.8.0_282'
Driver info: com.kms.katalon.selenium.driver.CChromeDriver
Capabilities {acceptInsecureCerts: false, browserName: chrome, browserVersion: 93.0.4577.82, chrome: {chromedriverVersion: 92.0.4515.43 (8c61b7e2989f2..., userDataDir: C:\Users\rocky\AppData\Loca...}, goog:chromeOptions: {debuggerAddress: localhost:55664}, javascriptEnabled: true, networkConnectionEnabled: false, pageLoadStrategy: normal, platform: WINDOWS, platformName: WINDOWS, proxy: Proxy(), setWindowRect: true, strictFileInteractability: false, timeouts: {implicit: 0, pageLoad: 300000, script: 30000}, unhandledPromptBehavior: dismiss and notify, webauthn:extension:credBlob: true, webauthn:extension:largeBlob: true, webauthn:virtualAuthenticators: true}
Session ID: cc8a6831e521599af5f91bbf31b8bc34
	at org.openqa.selenium.remote.http.W3CHttpResponseCodec.createException(W3CHttpResponseCodec.java:187)
	at org.openqa.selenium.remote.http.W3CHttpResponseCodec.decode(W3CHttpResponseCodec.java:122)
	at org.openqa.selenium.remote.http.W3CHttpResponseCodec.decode(W3CHttpResponseCodec.java:49)
	at org.openqa.selenium.remote.HttpCommandExecutor.execute(HttpCommandExecutor.java:158)
	at org.openqa.selenium.remote.service.DriverCommandExecutor.execute(DriverCommandExecutor.java:83)
	at org.openqa.selenium.remote.RemoteWebDriver.execute(RemoteWebDriver.java:552)
	at com.kms.katalon.selenium.driver.CChromeDriver.execute(CChromeDriver.java:19)
	at org.openqa.selenium.remote.RemoteWebElement.execute(RemoteWebElement.java:285)
	at org.openqa.selenium.remote.RemoteWebElement.click(RemoteWebElement.java:84)
	at org.openqa.selenium.support.events.EventFiringWebDriver$EventFiringWebElement.lambda$new$0(EventFiringWebDriver.java:404)
	at com.sun.proxy.$Proxy11.click(Unknown Source)
	at org.openqa.selenium.support.events.EventFiringWebDriver$EventFiringWebElement.click(EventFiringWebDriver.java:417)
	at com.kms.katalon.core.webui.keyword.builtin.ClickKeyword$_click_closure1.doCall(ClickKeyword.groovy:68)
	at com.kms.katalon.core.webui.keyword.builtin.ClickKeyword$_click_closure1.call(ClickKeyword.groovy)
	at com.kms.katalon.core.webui.keyword.internal.WebUIKeywordMain.runKeyword(WebUIKeywordMain.groovy:20)
	... 19 more]]></system-err>
   </testsuite>
</testsuites>
